INFO: kbplacer_plugin_action.py:70: Plugin version: 0.14
INFO: kbplacer_plugin_action.py:71: Python version: '3.11.5 (main, Jun 15 2025, 06:45:45) [MSC v.1942 64 bit (AMD64)]'
INFO: kbplacer_plugin_action.py:72: KiCad version: 9.0.3 with 4.2.2 msw (phoenix) wxWidgets 3.2.8
INFO: kbplacer_dialog.py:631: Language: en
INFO: kbplacer_plugin_action.py:80: GUI state: {"layout_path": "D:\\User\\Andrew\\Desktop\\lily58-\u89aa\u6307\u30b7\u30d5\u30c8.json", "key_distance": [19.05, 19.05], "key_info": {"annotation_format": "S{}", "position_option": "Default", "position": {"x": 0.0, "y": 0.0, "orientation": 0.0, "side": "Front"}, "template_path": ""}, "enable_diode_placement": true, "route_switches_with_diodes": true, "optimize_diodes_orientation": true, "diode_info": {"annotation_format": "D{}", "position_option": "Custom", "position": {"x": -5.0, "y": 0.0, "orientation": 0.0, "side": "Front"}, "template_path": ""}, "additional_elements": [{"annotation_format": "ST{}", "position_option": "Custom", "position": {"x": 0.0, "y": 0.0, "orientation": 0.0, "side": "Front"}, "template_path": ""}], "route_rows_and_columns": false, "template_path": "", "generate_outline": false, "outline_delta": 0.0}
DEBUG: key_placer.py:424: Set key 1U distance: 19050000/19050000
DEBUG: key_placer.py:141: Switches by nets: defaultdict(<class 'list'>, {frozenset({'COLUM7', 'ROW4'}): ['S56'], frozenset({'COLUM8', 'ROW4'}): ['S55'], frozenset({'COLUM9', 'ROW4'}): ['S54'], frozenset({'ROW4', 'COLUM10'}): ['S53'], frozenset({'COLUM6', 'ROW3'}): ['S52'], frozenset({'COLUM7', 'ROW3'}): ['S51'], frozenset({'COLUM8', 'ROW3'}): ['S50'], frozenset({'COLUM9', 'ROW3'}): ['S49'], frozenset({'ROW3', 'COLUM10'}): ['S48'], frozenset({'COLUM0', 'ROW3'}): ['S47', 'S19'], frozenset({'COLUM6', 'ROW2'}): ['S46'], frozenset({'ROW2', 'COLUM7'}): ['S45'], frozenset({'ROW2', 'COLUM8'}): ['S44'], frozenset({'ROW2', 'COLUM9'}): ['S43'], frozenset({'ROW2', 'COLUM10'}): ['S42'], frozenset({'ROW2', 'COLUM0'}): ['S41', 'S13'], frozenset({'COLUM6', 'ROW1'}): ['S40'], frozenset({'COLUM7', 'ROW1'}): ['S39'], frozenset({'COLUM8', 'ROW1'}): ['S38'], frozenset({'COLUM9', 'ROW1'}): ['S37'], frozenset({'ROW1', 'COLUM10'}): ['S36'], frozenset({'COLUM0', 'ROW1'}): ['S35', 'S7'], frozenset({'COLUM6', 'ROW0'}): ['S34'], frozenset({'COLUM7', 'ROW0'}): ['S33'], frozenset({'COLUM8', 'ROW0'}): ['S32'], frozenset({'COLUM9', 'ROW0'}): ['S31'], frozenset({'ROW4', 'COLUM2'}): ['S26'], frozenset({'ROW0', 'COLUM10'}): ['S30'], frozenset({'COLUM0', 'ROW0'}): ['S29', 'S1'], frozenset({'COLUM4', 'ROW4'}): ['S28'], frozenset({'ROW4', 'COLUM3'}): ['S27'], frozenset({'ROW4', 'COLUM1'}): ['S25'], frozenset({'COLUM5', 'ROW3'}): ['S24'], frozenset({'COLUM4', 'ROW3'}): ['S23'], frozenset({'ROW3', 'COLUM3'}): ['S22'], frozenset({'ROW3', 'COLUM2'}): ['S21'], frozenset({'COLUM1', 'ROW3'}): ['S20'], frozenset({'ROW2', 'COLUM5'}): ['S18'], frozenset({'COLUM4', 'ROW2'}): ['S17'], frozenset({'ROW2', 'COLUM3'}): ['S16'], frozenset({'ROW2', 'COLUM2'}): ['S15'], frozenset({'ROW2', 'COLUM1'}): ['S14'], frozenset({'COLUM5', 'ROW1'}): ['S12'], frozenset({'COLUM4', 'ROW1'}): ['S11'], frozenset({'ROW1', 'COLUM3'}): ['S10'], frozenset({'ROW1', 'COLUM2'}): ['S9'], frozenset({'ROW1', 'COLUM1'}): ['S8'], frozenset({'COLUM5', 'ROW0'}): ['S6'], frozenset({'COLUM4', 'ROW0'}): ['S5'], frozenset({'ROW0', 'COLUM3'}): ['S4'], frozenset({'ROW0', 'COLUM2'}): ['S3'], frozenset({'COLUM1', 'ROW0'}): ['S2']})
DEBUG: key_placer.py:145: Diodes by switch: {'S56': ['D58'], 'S55': ['D57'], 'S54': ['D56'], 'S53': ['D55'], 'S52': ['D53'], 'S51': ['D52'], 'S50': ['D51'], 'S49': ['D50'], 'S48': ['D49'], 'S47': ['D48'], 'S46': ['D47'], 'S45': ['D46'], 'S44': ['D45'], 'S43': ['D44'], 'S42': ['D43'], 'S41': ['D42'], 'S40': ['D41'], 'S39': ['D40'], 'S38': ['D39'], 'S37': ['D38'], 'S36': ['D37'], 'S35': ['D36'], 'S34': ['D35'], 'S33': ['D34'], 'S32': ['D33'], 'S31': ['D32'], 'S30': ['D31'], 'S29': ['D30'], 'S28': ['D29'], 'S27': ['D28'], 'S26': ['D27'], 'S25': ['D26'], 'S24': ['D24'], 'S23': ['D23'], 'S22': ['D22'], 'S21': ['D21'], 'S20': ['D20'], 'S19': ['D19'], 'S18': ['D18'], 'S17': ['D17'], 'S16': ['D16'], 'S15': ['D15'], 'S14': ['D14'], 'S13': ['D13'], 'S12': ['D12'], 'S11': ['D11'], 'S10': ['D10'], 'S9': ['D9'], 'S8': ['D8'], 'S7': ['D7'], 'S6': ['D6'], 'S5': ['D5'], 'S4': ['D4'], 'S3': ['D3'], 'S2': ['D2'], 'S1': ['D1']}
INFO: kle_serial.py:931: User layout: [{'name': 'Lily58 親指シフト'}, [{'x': 3, 'p': 'R1', 'sm': 'cherry', 'sb': 'outemu', 'a': 7}, '', {'x': 6.5}, ''], [{'y': -0.94, 'x': 2}, '', {'x': 1, 'a': 4}, '\n\n「', {'x': 4.5}, '』', {'x': 1, 'a': 7}, ''], [{'y': -0.86, 'x': 5, 'a': 4}, '\n\n」', {'x': 2.5}, '『'], [{'y': -0.95, 'x': 1}, '！\n\n？', {'x': 10.5, 'a': 7}, ''], [{'y': -0.94}, '', {'x': 12.5}, ''], [{'y': -0.31000000000000005, 'x': 3, 'p': 'R2', 'a': 4, 'f': 5}, 'り\n\nだ\n\n\n\n\n\n\n\nた', {'x': 6.5}, 'ぐ\n\nる\n\n\n\n\n\n\n\nく'], [{'y': -0.94, 'x': 2}, 'え\n\nが\n\n\n\n\n\n\n\nか', {'x': 1}, 'ゃ\n\nご\n\n\n\n\n\n\n\nこ', {'x': 4.5}, 'ぢ\n\nに\n\n\n\n\n\n\n\nち', {'x': 1}, 'づ\n\nま\n\n\n\n\n\n\n\nつ'], [{'y': -0.8599999999999999, 'x': 5}, 'れ\n\nざ\n\n\n\n\n\n\n\nさ', {'x': 2.5}, 'ぱ\n\nよ\n\n\n\n\n\n\n\nら'], [{'y': -0.95, 'x': 1}, 'ぁ\n\n゜\n\n\n\n\n\n\n\n。', {'x': 10.5}, 'ぴ\n\nぇ\n\n\n\n\n\n\n\n、'], [{'y': -0.94, 'a': 7}, '', {'x': 12.5}, ''], [{'y': -0.31000000000000005, 'x': 3, 'p': 'R3', 'a': 4}, 'な\n\nで\n\n\n\n\n\n\n\nて', {'x': 6.5}, 'ぎ\n\nの\n\n\n\n\n\n\n\nき'], [{'y': -0.94, 'x': 2}, 'あ\n\nじ\n\n\n\n\n\n\n\nし', {'x': 1}, 'ゅ\n\nげ\n\n\n\n\n\n\n\nけ', {'x': 4.5}, 'ど\n\nお\n\n\n\n\n\n\n\nと', {'x': 1}, 'ぽ\n\nょ\n\n\n\n\n\n\n\nい'], [{'y': -0.8599999999999999, 'x': 5}, 'も\n\nぜ\n\n\n\n\n\n\n\nせ', {'x': 2.5}, 'ば\n\nみ\n\n\n\n\n\n\n\nは'], [{'y': -0.9500000000000002, 'x': 1}, 'を\n\nゔ\n\n\n\n\n\n\n\nう', {'x': 10.5, 't': '#aaaaaa\n\n#000000\n\n\n\n\n\n\n\n#000000'}, '▢\n\nっ\n\n\n\n\n\n\n\nん'], [{'y': -0.94, 't': '#000000', 'a': 7}, '', {'x': 12.5, 'a': 4}, '⋯\n\n〜\n\n\n\n\n\n\n\nー'], [{'y': -0.31000000000000005, 'x': 3, 'p': 'R4'}, 'ろ\n\nず\n\n\n\n\n\n\n\nす', {'x': 6.5}, 'ぺ\n\nむ\n\n\n\n\n\n\n\nね'], [{'y': -0.94, 'x': 2}, 'ー\n\nび\n\n\n\n\n\n\n\nひ', {'x': 1}, 'や\n\nぶ\n\n\n\n\n\n\n\nふ', {'x': 4.5}, 'ぞ\n\nゆ\n\n\n\n\n\n\n\nそ', {'x': 1}, 'ぼ\n\nわ\n\n\n\n\n\n\n\nほ'], [{'y': -0.8599999999999999, 'x': 5}, 'ぃ\n\nべ\n\n\n\n\n\n\n\nへ', {'x': 2.5}, 'ぷ\n\nぬ\n\n\n\n\n\n\n\nめ'], [{'y': -0.9500000000000002, 'x': 1}, 'ぅ\n\n，\n\n\n\n\n\n\n\n．', {'x': 10.5}, '゛\n\nぉ\n\n\n\n\n\n\n\n・'], [{'y': -0.94, 'a': 7}, '', {'x': 12.5}, ''], [{'y': -0.17999999999999972, 'x': 2.5, 'p': 'R5'}, '', '', {'x': 5.5}, '', ''], [{'y': -0.9299999999999997, 'x': 4.5}, '', {'x': 3.5}, ''], [{'r': 58, 'rx': 8, 'ry': 4.8, 'y': -0.6500000000000004, 'x': -0.7999999999999998, 'w': 1.75}, ''], [{'r': -58, 'rx': 6.5, 'y': -0.6500000000000004, 'x': -0.9500000000000002, 'w': 1.75}, '']]
DEBUG: key_placer.py:724: Layout offset: (28575000, 28575000)
DEBUG: kle_serial.py:990: Layout with: x_ortholinear_keys=27, y_ortholinear_keys=8, rotated_keys=2, encoders=0, iso_enters=0 and unrecognized_shape_keys=0
DEBUG: kle_serial.py:1015: Layout tagged: [<KeyboardTag.OTHER: 4>]
WARNING: key_placer.py:741: Layout of this kind with missing key matrix annotations may produce unexpected footprint order. For details see: https://github.com/adamws/kicad-kbplacer/blob/master/docs/annotation_guide.md
DEBUG: board_modifier.py:94: Setting S1 footprint position: (95250000, 38100000)
DEBUG: board_modifier.py:94: Setting S2 footprint position: (238125000, 38100000)
DEBUG: board_modifier.py:94: Setting S3 footprint position: (76200000, 39243000)
DEBUG: board_modifier.py:94: Setting S4 footprint position: (114300000, 39243000)
DEBUG: board_modifier.py:94: Setting S5 footprint position: (219075000, 39243000)
DEBUG: board_modifier.py:94: Setting S6 footprint position: (257175000, 39243000)
DEBUG: board_modifier.py:94: Setting S7 footprint position: (133350000, 41910000)
DEBUG: board_modifier.py:94: Setting S8 footprint position: (200025000, 41910000)
DEBUG: board_modifier.py:94: Setting S9 footprint position: (57150000, 42862500)
DEBUG: board_modifier.py:94: Setting S10 footprint position: (276225000, 42862500)
DEBUG: board_modifier.py:94: Setting S11 footprint position: (38100000, 44005500)
DEBUG: board_modifier.py:94: Setting S12 footprint position: (295275000, 44005500)
DEBUG: board_modifier.py:94: Setting S13 footprint position: (95250000, 57150000)
DEBUG: board_modifier.py:94: Setting S14 footprint position: (238125000, 57150000)
DEBUG: board_modifier.py:94: Setting S15 footprint position: (76200000, 58293000)
DEBUG: board_modifier.py:94: Setting S16 footprint position: (114300000, 58293000)
DEBUG: board_modifier.py:94: Setting S17 footprint position: (219075000, 58293000)
DEBUG: board_modifier.py:94: Setting S18 footprint position: (257175000, 58293000)
DEBUG: board_modifier.py:94: Setting S19 footprint position: (133350000, 60960000)
DEBUG: board_modifier.py:94: Setting S20 footprint position: (200025000, 60960000)
DEBUG: board_modifier.py:94: Setting S21 footprint position: (57150000, 61912500)
DEBUG: board_modifier.py:94: Setting S22 footprint position: (276225000, 61912500)
DEBUG: board_modifier.py:94: Setting S23 footprint position: (38100000, 63055500)
DEBUG: board_modifier.py:94: Setting S24 footprint position: (295275000, 63055500)
DEBUG: board_modifier.py:94: Setting S25 footprint position: (95250000, 76200000)
DEBUG: board_modifier.py:94: Setting S26 footprint position: (238125000, 76200000)
DEBUG: board_modifier.py:94: Setting S27 footprint position: (76200000, 77343000)
DEBUG: board_modifier.py:94: Setting S28 footprint position: (114300000, 77343000)
DEBUG: board_modifier.py:94: Setting S29 footprint position: (219075000, 77343000)
DEBUG: board_modifier.py:94: Setting S30 footprint position: (257175000, 77343000)
DEBUG: board_modifier.py:94: Setting S31 footprint position: (133350000, 80010000)
DEBUG: board_modifier.py:94: Setting S32 footprint position: (200025000, 80010000)
DEBUG: board_modifier.py:94: Setting S33 footprint position: (57150000, 80962500)
DEBUG: board_modifier.py:94: Setting S34 footprint position: (276225000, 80962500)
DEBUG: board_modifier.py:94: Setting S35 footprint position: (38100000, 82105500)
DEBUG: board_modifier.py:94: Setting S36 footprint position: (295275000, 82105500)
DEBUG: board_modifier.py:94: Setting S37 footprint position: (95250000, 95250000)
DEBUG: board_modifier.py:94: Setting S38 footprint position: (238125000, 95250000)
DEBUG: board_modifier.py:94: Setting S39 footprint position: (76200000, 96393000)
DEBUG: board_modifier.py:94: Setting S40 footprint position: (114300000, 96393000)
DEBUG: board_modifier.py:94: Setting S41 footprint position: (219075000, 96393000)
DEBUG: board_modifier.py:94: Setting S42 footprint position: (257175000, 96393000)
DEBUG: board_modifier.py:94: Setting S43 footprint position: (133350000, 99060000)
DEBUG: board_modifier.py:94: Setting S44 footprint position: (200025000, 99060000)
DEBUG: board_modifier.py:94: Setting S45 footprint position: (57150000, 100012500)
DEBUG: board_modifier.py:94: Setting S46 footprint position: (276225000, 100012500)
DEBUG: board_modifier.py:94: Setting S47 footprint position: (38100000, 101155500)
DEBUG: board_modifier.py:94: Setting S48 footprint position: (295275000, 101155500)
DEBUG: board_modifier.py:94: Setting S49 footprint position: (85725000, 116776500)
DEBUG: board_modifier.py:94: Setting S50 footprint position: (104775000, 116776500)
DEBUG: board_modifier.py:94: Setting S51 footprint position: (228600000, 116776500)
DEBUG: board_modifier.py:94: Setting S52 footprint position: (247650000, 116776500)
DEBUG: board_modifier.py:94: Setting S53 footprint position: (123825000, 118110000)
DEBUG: board_modifier.py:94: Setting S54 footprint position: (209550000, 118110000)
DEBUG: board_modifier.py:94: Setting S55 footprint position: (182403750, 117157500)
DEBUG: board_modifier.py:94: Setting S56 footprint position: (150971250, 117157500)
INFO: key_placer.py:1078: Diode info: [ElementInfo(annotation_format='D{}', position_option=<PositionOption.CUSTOM: 'Custom'>, position=ElementPosition(x=-5.0, y=0.0, orientation=0.0, side=<Side.FRONT: 'Front'>), template_path='')]
DEBUG: board_modifier.py:107: Getting S1 footprint position: (95250000, 38100000)
DEBUG: board_modifier.py:94: Setting D1 footprint position: (90250000, 38100000)
DEBUG: board_modifier.py:107: Getting S2 footprint position: (238125000, 38100000)
DEBUG: board_modifier.py:94: Setting D2 footprint position: (233125000, 38100000)
DEBUG: board_modifier.py:107: Getting S3 footprint position: (76200000, 39243000)
DEBUG: board_modifier.py:94: Setting D3 footprint position: (71200000, 39243000)
DEBUG: board_modifier.py:107: Getting S4 footprint position: (114300000, 39243000)
DEBUG: board_modifier.py:94: Setting D4 footprint position: (109300000, 39243000)
DEBUG: board_modifier.py:107: Getting S5 footprint position: (219075000, 39243000)
DEBUG: board_modifier.py:94: Setting D5 footprint position: (214075000, 39243000)
DEBUG: board_modifier.py:107: Getting S6 footprint position: (257175000, 39243000)
DEBUG: board_modifier.py:94: Setting D6 footprint position: (252175000, 39243000)
DEBUG: board_modifier.py:107: Getting S7 footprint position: (133350000, 41910000)
DEBUG: board_modifier.py:94: Setting D7 footprint position: (128350000, 41910000)
DEBUG: board_modifier.py:107: Getting S8 footprint position: (200025000, 41910000)
DEBUG: board_modifier.py:94: Setting D8 footprint position: (195025000, 41910000)
DEBUG: board_modifier.py:107: Getting S9 footprint position: (57150000, 42862500)
DEBUG: board_modifier.py:94: Setting D9 footprint position: (52150000, 42862500)
DEBUG: board_modifier.py:107: Getting S10 footprint position: (276225000, 42862500)
DEBUG: board_modifier.py:94: Setting D10 footprint position: (271225000, 42862500)
DEBUG: board_modifier.py:107: Getting S11 footprint position: (38100000, 44005500)
DEBUG: board_modifier.py:94: Setting D11 footprint position: (33100000, 44005500)
DEBUG: board_modifier.py:107: Getting S12 footprint position: (295275000, 44005500)
DEBUG: board_modifier.py:94: Setting D12 footprint position: (290275000, 44005500)
DEBUG: board_modifier.py:107: Getting S13 footprint position: (95250000, 57150000)
DEBUG: board_modifier.py:94: Setting D13 footprint position: (90250000, 57150000)
DEBUG: board_modifier.py:107: Getting S14 footprint position: (238125000, 57150000)
DEBUG: board_modifier.py:94: Setting D14 footprint position: (233125000, 57150000)
DEBUG: board_modifier.py:107: Getting S15 footprint position: (76200000, 58293000)
DEBUG: board_modifier.py:94: Setting D15 footprint position: (71200000, 58293000)
DEBUG: board_modifier.py:107: Getting S16 footprint position: (114300000, 58293000)
DEBUG: board_modifier.py:94: Setting D16 footprint position: (109300000, 58293000)
DEBUG: board_modifier.py:107: Getting S17 footprint position: (219075000, 58293000)
DEBUG: board_modifier.py:94: Setting D17 footprint position: (214075000, 58293000)
DEBUG: board_modifier.py:107: Getting S18 footprint position: (257175000, 58293000)
DEBUG: board_modifier.py:94: Setting D18 footprint position: (252175000, 58293000)
DEBUG: board_modifier.py:107: Getting S19 footprint position: (133350000, 60960000)
DEBUG: board_modifier.py:94: Setting D19 footprint position: (128350000, 60960000)
DEBUG: board_modifier.py:107: Getting S20 footprint position: (200025000, 60960000)
DEBUG: board_modifier.py:94: Setting D20 footprint position: (195025000, 60960000)
DEBUG: board_modifier.py:107: Getting S21 footprint position: (57150000, 61912500)
DEBUG: board_modifier.py:94: Setting D21 footprint position: (52150000, 61912500)
DEBUG: board_modifier.py:107: Getting S22 footprint position: (276225000, 61912500)
DEBUG: board_modifier.py:94: Setting D22 footprint position: (271225000, 61912500)
DEBUG: board_modifier.py:107: Getting S23 footprint position: (38100000, 63055500)
DEBUG: board_modifier.py:94: Setting D23 footprint position: (33100000, 63055500)
DEBUG: board_modifier.py:107: Getting S24 footprint position: (295275000, 63055500)
DEBUG: board_modifier.py:94: Setting D24 footprint position: (290275000, 63055500)
DEBUG: board_modifier.py:107: Getting S25 footprint position: (95250000, 76200000)
DEBUG: board_modifier.py:94: Setting D26 footprint position: (90250000, 76200000)
DEBUG: board_modifier.py:107: Getting S26 footprint position: (238125000, 76200000)
DEBUG: board_modifier.py:94: Setting D27 footprint position: (233125000, 76200000)
DEBUG: board_modifier.py:107: Getting S27 footprint position: (76200000, 77343000)
DEBUG: board_modifier.py:94: Setting D28 footprint position: (71200000, 77343000)
DEBUG: board_modifier.py:107: Getting S28 footprint position: (114300000, 77343000)
DEBUG: board_modifier.py:94: Setting D29 footprint position: (109300000, 77343000)
DEBUG: board_modifier.py:107: Getting S29 footprint position: (219075000, 77343000)
DEBUG: board_modifier.py:94: Setting D30 footprint position: (214075000, 77343000)
DEBUG: board_modifier.py:107: Getting S30 footprint position: (257175000, 77343000)
DEBUG: board_modifier.py:94: Setting D31 footprint position: (252175000, 77343000)
DEBUG: board_modifier.py:107: Getting S31 footprint position: (133350000, 80010000)
DEBUG: board_modifier.py:94: Setting D32 footprint position: (128350000, 80010000)
DEBUG: board_modifier.py:107: Getting S32 footprint position: (200025000, 80010000)
DEBUG: board_modifier.py:94: Setting D33 footprint position: (195025000, 80010000)
DEBUG: board_modifier.py:107: Getting S33 footprint position: (57150000, 80962500)
DEBUG: board_modifier.py:94: Setting D34 footprint position: (52150000, 80962500)
DEBUG: board_modifier.py:107: Getting S34 footprint position: (276225000, 80962500)
DEBUG: board_modifier.py:94: Setting D35 footprint position: (271225000, 80962500)
DEBUG: board_modifier.py:107: Getting S35 footprint position: (38100000, 82105500)
DEBUG: board_modifier.py:94: Setting D36 footprint position: (33100000, 82105500)
DEBUG: board_modifier.py:107: Getting S36 footprint position: (295275000, 82105500)
DEBUG: board_modifier.py:94: Setting D37 footprint position: (290275000, 82105500)
DEBUG: board_modifier.py:107: Getting S37 footprint position: (95250000, 95250000)
DEBUG: board_modifier.py:94: Setting D38 footprint position: (90250000, 95250000)
DEBUG: board_modifier.py:107: Getting S38 footprint position: (238125000, 95250000)
DEBUG: board_modifier.py:94: Setting D39 footprint position: (233125000, 95250000)
DEBUG: board_modifier.py:107: Getting S39 footprint position: (76200000, 96393000)
DEBUG: board_modifier.py:94: Setting D40 footprint position: (71200000, 96393000)
DEBUG: board_modifier.py:107: Getting S40 footprint position: (114300000, 96393000)
DEBUG: board_modifier.py:94: Setting D41 footprint position: (109300000, 96393000)
DEBUG: board_modifier.py:107: Getting S41 footprint position: (219075000, 96393000)
DEBUG: board_modifier.py:94: Setting D42 footprint position: (214075000, 96393000)
DEBUG: board_modifier.py:107: Getting S42 footprint position: (257175000, 96393000)
DEBUG: board_modifier.py:94: Setting D43 footprint position: (252175000, 96393000)
DEBUG: board_modifier.py:107: Getting S43 footprint position: (133350000, 99060000)
DEBUG: board_modifier.py:94: Setting D44 footprint position: (128350000, 99060000)
DEBUG: board_modifier.py:107: Getting S44 footprint position: (200025000, 99060000)
DEBUG: board_modifier.py:94: Setting D45 footprint position: (195025000, 99060000)
DEBUG: board_modifier.py:107: Getting S45 footprint position: (57150000, 100012500)
DEBUG: board_modifier.py:94: Setting D46 footprint position: (52150000, 100012500)
DEBUG: board_modifier.py:107: Getting S46 footprint position: (276225000, 100012500)
DEBUG: board_modifier.py:94: Setting D47 footprint position: (271225000, 100012500)
DEBUG: board_modifier.py:107: Getting S47 footprint position: (38100000, 101155500)
DEBUG: board_modifier.py:94: Setting D48 footprint position: (33100000, 101155500)
DEBUG: board_modifier.py:107: Getting S48 footprint position: (295275000, 101155500)
DEBUG: board_modifier.py:94: Setting D49 footprint position: (290275000, 101155500)
DEBUG: board_modifier.py:107: Getting S49 footprint position: (85725000, 116776500)
DEBUG: board_modifier.py:94: Setting D50 footprint position: (80725000, 116776500)
DEBUG: board_modifier.py:107: Getting S50 footprint position: (104775000, 116776500)
DEBUG: board_modifier.py:94: Setting D51 footprint position: (99775000, 116776500)
DEBUG: board_modifier.py:107: Getting S51 footprint position: (228600000, 116776500)
DEBUG: board_modifier.py:94: Setting D52 footprint position: (223600000, 116776500)
DEBUG: board_modifier.py:107: Getting S52 footprint position: (247650000, 116776500)
DEBUG: board_modifier.py:94: Setting D53 footprint position: (242650000, 116776500)
DEBUG: board_modifier.py:107: Getting S53 footprint position: (123825000, 118110000)
DEBUG: board_modifier.py:94: Setting D55 footprint position: (118825000, 118110000)
DEBUG: board_modifier.py:107: Getting S54 footprint position: (209550000, 118110000)
DEBUG: board_modifier.py:94: Setting D56 footprint position: (204550000, 118110000)
DEBUG: board_modifier.py:107: Getting S55 footprint position: (184155420, 119712404)
DEBUG: board_modifier.py:94: Setting D57 footprint position: (181505824, 115472164)
DEBUG: board_modifier.py:107: Getting D57 footprint position: (181505824, 115472164)
DEBUG: board_modifier.py:107: Getting S56 footprint position: (149219580, 119712404)
DEBUG: board_modifier.py:94: Setting D58 footprint position: (146569984, 123952644)
DEBUG: board_modifier.py:107: Getting D58 footprint position: (146569984, 123952644)
DEBUG: key_placer.py:826: Optimizing orientation of S1 diodes
DEBUG: board_modifier.py:107: Getting D1 footprint position: (90250000, 38100000)
DEBUG: key_placer.py:826: Optimizing orientation of S2 diodes
DEBUG: board_modifier.py:107: Getting D2 footprint position: (233125000, 38100000)
DEBUG: key_placer.py:826: Optimizing orientation of S3 diodes
DEBUG: board_modifier.py:107: Getting D3 footprint position: (71200000, 39243000)
DEBUG: key_placer.py:826: Optimizing orientation of S4 diodes
DEBUG: board_modifier.py:107: Getting D4 footprint position: (109300000, 39243000)
DEBUG: key_placer.py:826: Optimizing orientation of S5 diodes
DEBUG: board_modifier.py:107: Getting D5 footprint position: (214075000, 39243000)
DEBUG: key_placer.py:826: Optimizing orientation of S6 diodes
DEBUG: board_modifier.py:107: Getting D6 footprint position: (252175000, 39243000)
DEBUG: key_placer.py:826: Optimizing orientation of S7 diodes
DEBUG: board_modifier.py:107: Getting D7 footprint position: (128350000, 41910000)
DEBUG: key_placer.py:826: Optimizing orientation of S8 diodes
DEBUG: board_modifier.py:107: Getting D8 footprint position: (195025000, 41910000)
DEBUG: key_placer.py:826: Optimizing orientation of S9 diodes
DEBUG: board_modifier.py:107: Getting D9 footprint position: (52150000, 42862500)
DEBUG: key_placer.py:826: Optimizing orientation of S10 diodes
DEBUG: board_modifier.py:107: Getting D10 footprint position: (271225000, 42862500)
DEBUG: key_placer.py:826: Optimizing orientation of S11 diodes
DEBUG: board_modifier.py:107: Getting D11 footprint position: (33100000, 44005500)
DEBUG: key_placer.py:826: Optimizing orientation of S12 diodes
DEBUG: board_modifier.py:107: Getting D12 footprint position: (290275000, 44005500)
DEBUG: key_placer.py:826: Optimizing orientation of S13 diodes
DEBUG: board_modifier.py:107: Getting D13 footprint position: (90250000, 57150000)
DEBUG: key_placer.py:826: Optimizing orientation of S14 diodes
DEBUG: board_modifier.py:107: Getting D14 footprint position: (233125000, 57150000)
DEBUG: key_placer.py:826: Optimizing orientation of S15 diodes
DEBUG: board_modifier.py:107: Getting D15 footprint position: (71200000, 58293000)
DEBUG: key_placer.py:826: Optimizing orientation of S16 diodes
DEBUG: board_modifier.py:107: Getting D16 footprint position: (109300000, 58293000)
DEBUG: key_placer.py:826: Optimizing orientation of S17 diodes
DEBUG: board_modifier.py:107: Getting D17 footprint position: (214075000, 58293000)
DEBUG: key_placer.py:826: Optimizing orientation of S18 diodes
DEBUG: board_modifier.py:107: Getting D18 footprint position: (252175000, 58293000)
DEBUG: key_placer.py:826: Optimizing orientation of S19 diodes
DEBUG: board_modifier.py:107: Getting D19 footprint position: (128350000, 60960000)
DEBUG: key_placer.py:826: Optimizing orientation of S20 diodes
DEBUG: board_modifier.py:107: Getting D20 footprint position: (195025000, 60960000)
DEBUG: key_placer.py:826: Optimizing orientation of S21 diodes
DEBUG: board_modifier.py:107: Getting D21 footprint position: (52150000, 61912500)
DEBUG: key_placer.py:826: Optimizing orientation of S22 diodes
DEBUG: board_modifier.py:107: Getting D22 footprint position: (271225000, 61912500)
DEBUG: key_placer.py:826: Optimizing orientation of S23 diodes
DEBUG: board_modifier.py:107: Getting D23 footprint position: (33100000, 63055500)
DEBUG: key_placer.py:826: Optimizing orientation of S24 diodes
DEBUG: board_modifier.py:107: Getting D24 footprint position: (290275000, 63055500)
DEBUG: key_placer.py:826: Optimizing orientation of S25 diodes
DEBUG: board_modifier.py:107: Getting D26 footprint position: (90250000, 76200000)
DEBUG: key_placer.py:826: Optimizing orientation of S26 diodes
DEBUG: board_modifier.py:107: Getting D27 footprint position: (233125000, 76200000)
DEBUG: key_placer.py:826: Optimizing orientation of S27 diodes
DEBUG: board_modifier.py:107: Getting D28 footprint position: (71200000, 77343000)
DEBUG: key_placer.py:826: Optimizing orientation of S28 diodes
DEBUG: board_modifier.py:107: Getting D29 footprint position: (109300000, 77343000)
DEBUG: key_placer.py:826: Optimizing orientation of S29 diodes
DEBUG: board_modifier.py:107: Getting D30 footprint position: (214075000, 77343000)
DEBUG: key_placer.py:826: Optimizing orientation of S30 diodes
DEBUG: board_modifier.py:107: Getting D31 footprint position: (252175000, 77343000)
DEBUG: key_placer.py:826: Optimizing orientation of S31 diodes
DEBUG: board_modifier.py:107: Getting D32 footprint position: (128350000, 80010000)
DEBUG: key_placer.py:826: Optimizing orientation of S32 diodes
DEBUG: board_modifier.py:107: Getting D33 footprint position: (195025000, 80010000)
DEBUG: key_placer.py:826: Optimizing orientation of S33 diodes
DEBUG: board_modifier.py:107: Getting D34 footprint position: (52150000, 80962500)
DEBUG: key_placer.py:826: Optimizing orientation of S34 diodes
DEBUG: board_modifier.py:107: Getting D35 footprint position: (271225000, 80962500)
DEBUG: key_placer.py:826: Optimizing orientation of S35 diodes
DEBUG: board_modifier.py:107: Getting D36 footprint position: (33100000, 82105500)
DEBUG: key_placer.py:826: Optimizing orientation of S36 diodes
DEBUG: board_modifier.py:107: Getting D37 footprint position: (290275000, 82105500)
DEBUG: key_placer.py:826: Optimizing orientation of S37 diodes
DEBUG: board_modifier.py:107: Getting D38 footprint position: (90250000, 95250000)
DEBUG: key_placer.py:826: Optimizing orientation of S38 diodes
DEBUG: board_modifier.py:107: Getting D39 footprint position: (233125000, 95250000)
DEBUG: key_placer.py:826: Optimizing orientation of S39 diodes
DEBUG: board_modifier.py:107: Getting D40 footprint position: (71200000, 96393000)
DEBUG: key_placer.py:826: Optimizing orientation of S40 diodes
DEBUG: board_modifier.py:107: Getting D41 footprint position: (109300000, 96393000)
DEBUG: key_placer.py:826: Optimizing orientation of S41 diodes
DEBUG: board_modifier.py:107: Getting D42 footprint position: (214075000, 96393000)
DEBUG: key_placer.py:826: Optimizing orientation of S42 diodes
DEBUG: board_modifier.py:107: Getting D43 footprint position: (252175000, 96393000)
DEBUG: key_placer.py:826: Optimizing orientation of S43 diodes
DEBUG: board_modifier.py:107: Getting D44 footprint position: (128350000, 99060000)
DEBUG: key_placer.py:826: Optimizing orientation of S44 diodes
DEBUG: board_modifier.py:107: Getting D45 footprint position: (195025000, 99060000)
DEBUG: key_placer.py:826: Optimizing orientation of S45 diodes
DEBUG: board_modifier.py:107: Getting D46 footprint position: (52150000, 100012500)
DEBUG: key_placer.py:826: Optimizing orientation of S46 diodes
DEBUG: board_modifier.py:107: Getting D47 footprint position: (271225000, 100012500)
DEBUG: key_placer.py:826: Optimizing orientation of S47 diodes
DEBUG: board_modifier.py:107: Getting D48 footprint position: (33100000, 101155500)
DEBUG: key_placer.py:826: Optimizing orientation of S48 diodes
DEBUG: board_modifier.py:107: Getting D49 footprint position: (290275000, 101155500)
DEBUG: key_placer.py:826: Optimizing orientation of S49 diodes
DEBUG: board_modifier.py:107: Getting D50 footprint position: (80725000, 116776500)
DEBUG: key_placer.py:826: Optimizing orientation of S50 diodes
DEBUG: board_modifier.py:107: Getting D51 footprint position: (99775000, 116776500)
DEBUG: key_placer.py:826: Optimizing orientation of S51 diodes
DEBUG: board_modifier.py:107: Getting D52 footprint position: (223600000, 116776500)
DEBUG: key_placer.py:826: Optimizing orientation of S52 diodes
DEBUG: board_modifier.py:107: Getting D53 footprint position: (242650000, 116776500)
DEBUG: key_placer.py:826: Optimizing orientation of S53 diodes
DEBUG: board_modifier.py:107: Getting D55 footprint position: (118825000, 118110000)
DEBUG: key_placer.py:826: Optimizing orientation of S54 diodes
DEBUG: board_modifier.py:107: Getting D56 footprint position: (204550000, 118110000)
DEBUG: key_placer.py:826: Optimizing orientation of S55 diodes
DEBUG: board_modifier.py:107: Getting D57 footprint position: (181505824, 115472164)
DEBUG: key_placer.py:826: Optimizing orientation of S56 diodes
DEBUG: board_modifier.py:107: Getting D58 footprint position: (146569984, 123952644)
DEBUG: key_placer.py:854: Placing additional elements for S56
DEBUG: board_modifier.py:107: Getting S56 footprint position: (149219580, 119712404)
DEBUG: board_modifier.py:84: Searching for optional ST56 footprint in D:\User\Andrew\Desktop\Projects\Keyboard_Design\prototype-mk1\prototype-mk1\prototype-mk1.kicad_pcb
DEBUG: board_modifier.py:89: Footprint not found
DEBUG: key_placer.py:854: Placing additional elements for S55
DEBUG: board_modifier.py:107: Getting S55 footprint position: (184155420, 119712404)
DEBUG: board_modifier.py:84: Searching for optional ST55 footprint in D:\User\Andrew\Desktop\Projects\Keyboard_Design\prototype-mk1\prototype-mk1\prototype-mk1.kicad_pcb
DEBUG: board_modifier.py:89: Footprint not found
DEBUG: key_placer.py:854: Placing additional elements for S54
DEBUG: board_modifier.py:107: Getting S54 footprint position: (209550000, 118110000)
DEBUG: board_modifier.py:84: Searching for optional ST54 footprint in D:\User\Andrew\Desktop\Projects\Keyboard_Design\prototype-mk1\prototype-mk1\prototype-mk1.kicad_pcb
DEBUG: board_modifier.py:89: Footprint not found
DEBUG: key_placer.py:854: Placing additional elements for S53
DEBUG: board_modifier.py:107: Getting S53 footprint position: (123825000, 118110000)
DEBUG: board_modifier.py:84: Searching for optional ST53 footprint in D:\User\Andrew\Desktop\Projects\Keyboard_Design\prototype-mk1\prototype-mk1\prototype-mk1.kicad_pcb
DEBUG: board_modifier.py:89: Footprint not found
DEBUG: key_placer.py:854: Placing additional elements for S52
DEBUG: board_modifier.py:107: Getting S52 footprint position: (247650000, 116776500)
DEBUG: board_modifier.py:84: Searching for optional ST52 footprint in D:\User\Andrew\Desktop\Projects\Keyboard_Design\prototype-mk1\prototype-mk1\prototype-mk1.kicad_pcb
DEBUG: board_modifier.py:89: Footprint not found
DEBUG: key_placer.py:854: Placing additional elements for S51
DEBUG: board_modifier.py:107: Getting S51 footprint position: (228600000, 116776500)
DEBUG: board_modifier.py:84: Searching for optional ST51 footprint in D:\User\Andrew\Desktop\Projects\Keyboard_Design\prototype-mk1\prototype-mk1\prototype-mk1.kicad_pcb
DEBUG: board_modifier.py:89: Footprint not found
DEBUG: key_placer.py:854: Placing additional elements for S50
DEBUG: board_modifier.py:107: Getting S50 footprint position: (104775000, 116776500)
DEBUG: board_modifier.py:84: Searching for optional ST50 footprint in D:\User\Andrew\Desktop\Projects\Keyboard_Design\prototype-mk1\prototype-mk1\prototype-mk1.kicad_pcb
DEBUG: board_modifier.py:89: Footprint not found
DEBUG: key_placer.py:854: Placing additional elements for S49
DEBUG: board_modifier.py:107: Getting S49 footprint position: (85725000, 116776500)
DEBUG: board_modifier.py:84: Searching for optional ST49 footprint in D:\User\Andrew\Desktop\Projects\Keyboard_Design\prototype-mk1\prototype-mk1\prototype-mk1.kicad_pcb
DEBUG: board_modifier.py:89: Footprint not found
DEBUG: key_placer.py:854: Placing additional elements for S48
DEBUG: board_modifier.py:107: Getting S48 footprint position: (295275000, 101155500)
DEBUG: board_modifier.py:84: Searching for optional ST48 footprint in D:\User\Andrew\Desktop\Projects\Keyboard_Design\prototype-mk1\prototype-mk1\prototype-mk1.kicad_pcb
DEBUG: board_modifier.py:89: Footprint not found
DEBUG: key_placer.py:854: Placing additional elements for S47
DEBUG: board_modifier.py:107: Getting S47 footprint position: (38100000, 101155500)
DEBUG: board_modifier.py:84: Searching for optional ST47 footprint in D:\User\Andrew\Desktop\Projects\Keyboard_Design\prototype-mk1\prototype-mk1\prototype-mk1.kicad_pcb
DEBUG: board_modifier.py:89: Footprint not found
DEBUG: key_placer.py:854: Placing additional elements for S46
DEBUG: board_modifier.py:107: Getting S46 footprint position: (276225000, 100012500)
DEBUG: board_modifier.py:84: Searching for optional ST46 footprint in D:\User\Andrew\Desktop\Projects\Keyboard_Design\prototype-mk1\prototype-mk1\prototype-mk1.kicad_pcb
DEBUG: board_modifier.py:89: Footprint not found
DEBUG: key_placer.py:854: Placing additional elements for S45
DEBUG: board_modifier.py:107: Getting S45 footprint position: (57150000, 100012500)
DEBUG: board_modifier.py:84: Searching for optional ST45 footprint in D:\User\Andrew\Desktop\Projects\Keyboard_Design\prototype-mk1\prototype-mk1\prototype-mk1.kicad_pcb
DEBUG: board_modifier.py:89: Footprint not found
DEBUG: key_placer.py:854: Placing additional elements for S44
DEBUG: board_modifier.py:107: Getting S44 footprint position: (200025000, 99060000)
DEBUG: board_modifier.py:84: Searching for optional ST44 footprint in D:\User\Andrew\Desktop\Projects\Keyboard_Design\prototype-mk1\prototype-mk1\prototype-mk1.kicad_pcb
DEBUG: board_modifier.py:89: Footprint not found
DEBUG: key_placer.py:854: Placing additional elements for S43
DEBUG: board_modifier.py:107: Getting S43 footprint position: (133350000, 99060000)
DEBUG: board_modifier.py:84: Searching for optional ST43 footprint in D:\User\Andrew\Desktop\Projects\Keyboard_Design\prototype-mk1\prototype-mk1\prototype-mk1.kicad_pcb
DEBUG: board_modifier.py:89: Footprint not found
DEBUG: key_placer.py:854: Placing additional elements for S42
DEBUG: board_modifier.py:107: Getting S42 footprint position: (257175000, 96393000)
DEBUG: board_modifier.py:84: Searching for optional ST42 footprint in D:\User\Andrew\Desktop\Projects\Keyboard_Design\prototype-mk1\prototype-mk1\prototype-mk1.kicad_pcb
DEBUG: board_modifier.py:89: Footprint not found
DEBUG: key_placer.py:854: Placing additional elements for S41
DEBUG: board_modifier.py:107: Getting S41 footprint position: (219075000, 96393000)
DEBUG: board_modifier.py:84: Searching for optional ST41 footprint in D:\User\Andrew\Desktop\Projects\Keyboard_Design\prototype-mk1\prototype-mk1\prototype-mk1.kicad_pcb
DEBUG: board_modifier.py:89: Footprint not found
DEBUG: key_placer.py:854: Placing additional elements for S40
DEBUG: board_modifier.py:107: Getting S40 footprint position: (114300000, 96393000)
DEBUG: board_modifier.py:84: Searching for optional ST40 footprint in D:\User\Andrew\Desktop\Projects\Keyboard_Design\prototype-mk1\prototype-mk1\prototype-mk1.kicad_pcb
DEBUG: board_modifier.py:89: Footprint not found
DEBUG: key_placer.py:854: Placing additional elements for S39
DEBUG: board_modifier.py:107: Getting S39 footprint position: (76200000, 96393000)
DEBUG: board_modifier.py:84: Searching for optional ST39 footprint in D:\User\Andrew\Desktop\Projects\Keyboard_Design\prototype-mk1\prototype-mk1\prototype-mk1.kicad_pcb
DEBUG: board_modifier.py:89: Footprint not found
DEBUG: key_placer.py:854: Placing additional elements for S38
DEBUG: board_modifier.py:107: Getting S38 footprint position: (238125000, 95250000)
DEBUG: board_modifier.py:84: Searching for optional ST38 footprint in D:\User\Andrew\Desktop\Projects\Keyboard_Design\prototype-mk1\prototype-mk1\prototype-mk1.kicad_pcb
DEBUG: board_modifier.py:89: Footprint not found
DEBUG: key_placer.py:854: Placing additional elements for S37
DEBUG: board_modifier.py:107: Getting S37 footprint position: (95250000, 95250000)
DEBUG: board_modifier.py:84: Searching for optional ST37 footprint in D:\User\Andrew\Desktop\Projects\Keyboard_Design\prototype-mk1\prototype-mk1\prototype-mk1.kicad_pcb
DEBUG: board_modifier.py:89: Footprint not found
DEBUG: key_placer.py:854: Placing additional elements for S36
DEBUG: board_modifier.py:107: Getting S36 footprint position: (295275000, 82105500)
DEBUG: board_modifier.py:84: Searching for optional ST36 footprint in D:\User\Andrew\Desktop\Projects\Keyboard_Design\prototype-mk1\prototype-mk1\prototype-mk1.kicad_pcb
DEBUG: board_modifier.py:89: Footprint not found
DEBUG: key_placer.py:854: Placing additional elements for S35
DEBUG: board_modifier.py:107: Getting S35 footprint position: (38100000, 82105500)
DEBUG: board_modifier.py:84: Searching for optional ST35 footprint in D:\User\Andrew\Desktop\Projects\Keyboard_Design\prototype-mk1\prototype-mk1\prototype-mk1.kicad_pcb
DEBUG: board_modifier.py:89: Footprint not found
DEBUG: key_placer.py:854: Placing additional elements for S34
DEBUG: board_modifier.py:107: Getting S34 footprint position: (276225000, 80962500)
DEBUG: board_modifier.py:84: Searching for optional ST34 footprint in D:\User\Andrew\Desktop\Projects\Keyboard_Design\prototype-mk1\prototype-mk1\prototype-mk1.kicad_pcb
DEBUG: board_modifier.py:89: Footprint not found
DEBUG: key_placer.py:854: Placing additional elements for S33
DEBUG: board_modifier.py:107: Getting S33 footprint position: (57150000, 80962500)
DEBUG: board_modifier.py:84: Searching for optional ST33 footprint in D:\User\Andrew\Desktop\Projects\Keyboard_Design\prototype-mk1\prototype-mk1\prototype-mk1.kicad_pcb
DEBUG: board_modifier.py:89: Footprint not found
DEBUG: key_placer.py:854: Placing additional elements for S32
DEBUG: board_modifier.py:107: Getting S32 footprint position: (200025000, 80010000)
DEBUG: board_modifier.py:84: Searching for optional ST32 footprint in D:\User\Andrew\Desktop\Projects\Keyboard_Design\prototype-mk1\prototype-mk1\prototype-mk1.kicad_pcb
DEBUG: board_modifier.py:89: Footprint not found
DEBUG: key_placer.py:854: Placing additional elements for S31
DEBUG: board_modifier.py:107: Getting S31 footprint position: (133350000, 80010000)
DEBUG: board_modifier.py:84: Searching for optional ST31 footprint in D:\User\Andrew\Desktop\Projects\Keyboard_Design\prototype-mk1\prototype-mk1\prototype-mk1.kicad_pcb
DEBUG: board_modifier.py:89: Footprint not found
DEBUG: key_placer.py:854: Placing additional elements for S26
DEBUG: board_modifier.py:107: Getting S26 footprint position: (238125000, 76200000)
DEBUG: board_modifier.py:84: Searching for optional ST26 footprint in D:\User\Andrew\Desktop\Projects\Keyboard_Design\prototype-mk1\prototype-mk1\prototype-mk1.kicad_pcb
DEBUG: board_modifier.py:89: Footprint not found
DEBUG: key_placer.py:854: Placing additional elements for S7
DEBUG: board_modifier.py:107: Getting S7 footprint position: (133350000, 41910000)
DEBUG: board_modifier.py:84: Searching for optional ST7 footprint in D:\User\Andrew\Desktop\Projects\Keyboard_Design\prototype-mk1\prototype-mk1\prototype-mk1.kicad_pcb
DEBUG: board_modifier.py:89: Footprint not found
DEBUG: key_placer.py:854: Placing additional elements for S30
DEBUG: board_modifier.py:107: Getting S30 footprint position: (257175000, 77343000)
DEBUG: board_modifier.py:84: Searching for optional ST30 footprint in D:\User\Andrew\Desktop\Projects\Keyboard_Design\prototype-mk1\prototype-mk1\prototype-mk1.kicad_pcb
DEBUG: board_modifier.py:89: Footprint not found
DEBUG: key_placer.py:854: Placing additional elements for S29
DEBUG: board_modifier.py:107: Getting S29 footprint position: (219075000, 77343000)
DEBUG: board_modifier.py:84: Searching for optional ST29 footprint in D:\User\Andrew\Desktop\Projects\Keyboard_Design\prototype-mk1\prototype-mk1\prototype-mk1.kicad_pcb
DEBUG: board_modifier.py:89: Footprint not found
DEBUG: key_placer.py:854: Placing additional elements for S28
DEBUG: board_modifier.py:107: Getting S28 footprint position: (114300000, 77343000)
DEBUG: board_modifier.py:84: Searching for optional ST28 footprint in D:\User\Andrew\Desktop\Projects\Keyboard_Design\prototype-mk1\prototype-mk1\prototype-mk1.kicad_pcb
DEBUG: board_modifier.py:89: Footprint not found
DEBUG: key_placer.py:854: Placing additional elements for S27
DEBUG: board_modifier.py:107: Getting S27 footprint position: (76200000, 77343000)
DEBUG: board_modifier.py:84: Searching for optional ST27 footprint in D:\User\Andrew\Desktop\Projects\Keyboard_Design\prototype-mk1\prototype-mk1\prototype-mk1.kicad_pcb
DEBUG: board_modifier.py:89: Footprint not found
DEBUG: key_placer.py:854: Placing additional elements for S25
DEBUG: board_modifier.py:107: Getting S25 footprint position: (95250000, 76200000)
DEBUG: board_modifier.py:84: Searching for optional ST25 footprint in D:\User\Andrew\Desktop\Projects\Keyboard_Design\prototype-mk1\prototype-mk1\prototype-mk1.kicad_pcb
DEBUG: board_modifier.py:89: Footprint not found
DEBUG: key_placer.py:854: Placing additional elements for S24
DEBUG: board_modifier.py:107: Getting S24 footprint position: (295275000, 63055500)
DEBUG: board_modifier.py:84: Searching for optional ST24 footprint in D:\User\Andrew\Desktop\Projects\Keyboard_Design\prototype-mk1\prototype-mk1\prototype-mk1.kicad_pcb
DEBUG: board_modifier.py:89: Footprint not found
DEBUG: key_placer.py:854: Placing additional elements for S23
DEBUG: board_modifier.py:107: Getting S23 footprint position: (38100000, 63055500)
DEBUG: board_modifier.py:84: Searching for optional ST23 footprint in D:\User\Andrew\Desktop\Projects\Keyboard_Design\prototype-mk1\prototype-mk1\prototype-mk1.kicad_pcb
DEBUG: board_modifier.py:89: Footprint not found
DEBUG: key_placer.py:854: Placing additional elements for S22
DEBUG: board_modifier.py:107: Getting S22 footprint position: (276225000, 61912500)
DEBUG: board_modifier.py:84: Searching for optional ST22 footprint in D:\User\Andrew\Desktop\Projects\Keyboard_Design\prototype-mk1\prototype-mk1\prototype-mk1.kicad_pcb
DEBUG: board_modifier.py:89: Footprint not found
DEBUG: key_placer.py:854: Placing additional elements for S21
DEBUG: board_modifier.py:107: Getting S21 footprint position: (57150000, 61912500)
DEBUG: board_modifier.py:84: Searching for optional ST21 footprint in D:\User\Andrew\Desktop\Projects\Keyboard_Design\prototype-mk1\prototype-mk1\prototype-mk1.kicad_pcb
DEBUG: board_modifier.py:89: Footprint not found
DEBUG: key_placer.py:854: Placing additional elements for S20
DEBUG: board_modifier.py:107: Getting S20 footprint position: (200025000, 60960000)
DEBUG: board_modifier.py:84: Searching for optional ST20 footprint in D:\User\Andrew\Desktop\Projects\Keyboard_Design\prototype-mk1\prototype-mk1\prototype-mk1.kicad_pcb
DEBUG: board_modifier.py:89: Footprint not found
DEBUG: key_placer.py:854: Placing additional elements for S19
DEBUG: board_modifier.py:107: Getting S19 footprint position: (133350000, 60960000)
DEBUG: board_modifier.py:84: Searching for optional ST19 footprint in D:\User\Andrew\Desktop\Projects\Keyboard_Design\prototype-mk1\prototype-mk1\prototype-mk1.kicad_pcb
DEBUG: board_modifier.py:89: Footprint not found
DEBUG: key_placer.py:854: Placing additional elements for S18
DEBUG: board_modifier.py:107: Getting S18 footprint position: (257175000, 58293000)
DEBUG: board_modifier.py:84: Searching for optional ST18 footprint in D:\User\Andrew\Desktop\Projects\Keyboard_Design\prototype-mk1\prototype-mk1\prototype-mk1.kicad_pcb
DEBUG: board_modifier.py:89: Footprint not found
DEBUG: key_placer.py:854: Placing additional elements for S17
DEBUG: board_modifier.py:107: Getting S17 footprint position: (219075000, 58293000)
DEBUG: board_modifier.py:84: Searching for optional ST17 footprint in D:\User\Andrew\Desktop\Projects\Keyboard_Design\prototype-mk1\prototype-mk1\prototype-mk1.kicad_pcb
DEBUG: board_modifier.py:89: Footprint not found
DEBUG: key_placer.py:854: Placing additional elements for S16
DEBUG: board_modifier.py:107: Getting S16 footprint position: (114300000, 58293000)
DEBUG: board_modifier.py:84: Searching for optional ST16 footprint in D:\User\Andrew\Desktop\Projects\Keyboard_Design\prototype-mk1\prototype-mk1\prototype-mk1.kicad_pcb
DEBUG: board_modifier.py:89: Footprint not found
DEBUG: key_placer.py:854: Placing additional elements for S15
DEBUG: board_modifier.py:107: Getting S15 footprint position: (76200000, 58293000)
DEBUG: board_modifier.py:84: Searching for optional ST15 footprint in D:\User\Andrew\Desktop\Projects\Keyboard_Design\prototype-mk1\prototype-mk1\prototype-mk1.kicad_pcb
DEBUG: board_modifier.py:89: Footprint not found
DEBUG: key_placer.py:854: Placing additional elements for S14
DEBUG: board_modifier.py:107: Getting S14 footprint position: (238125000, 57150000)
DEBUG: board_modifier.py:84: Searching for optional ST14 footprint in D:\User\Andrew\Desktop\Projects\Keyboard_Design\prototype-mk1\prototype-mk1\prototype-mk1.kicad_pcb
DEBUG: board_modifier.py:89: Footprint not found
DEBUG: key_placer.py:854: Placing additional elements for S13
DEBUG: board_modifier.py:107: Getting S13 footprint position: (95250000, 57150000)
DEBUG: board_modifier.py:84: Searching for optional ST13 footprint in D:\User\Andrew\Desktop\Projects\Keyboard_Design\prototype-mk1\prototype-mk1\prototype-mk1.kicad_pcb
DEBUG: board_modifier.py:89: Footprint not found
DEBUG: key_placer.py:854: Placing additional elements for S12
DEBUG: board_modifier.py:107: Getting S12 footprint position: (295275000, 44005500)
DEBUG: board_modifier.py:84: Searching for optional ST12 footprint in D:\User\Andrew\Desktop\Projects\Keyboard_Design\prototype-mk1\prototype-mk1\prototype-mk1.kicad_pcb
DEBUG: board_modifier.py:89: Footprint not found
DEBUG: key_placer.py:854: Placing additional elements for S11
DEBUG: board_modifier.py:107: Getting S11 footprint position: (38100000, 44005500)
DEBUG: board_modifier.py:84: Searching for optional ST11 footprint in D:\User\Andrew\Desktop\Projects\Keyboard_Design\prototype-mk1\prototype-mk1\prototype-mk1.kicad_pcb
DEBUG: board_modifier.py:89: Footprint not found
DEBUG: key_placer.py:854: Placing additional elements for S10
DEBUG: board_modifier.py:107: Getting S10 footprint position: (276225000, 42862500)
DEBUG: board_modifier.py:84: Searching for optional ST10 footprint in D:\User\Andrew\Desktop\Projects\Keyboard_Design\prototype-mk1\prototype-mk1\prototype-mk1.kicad_pcb
DEBUG: board_modifier.py:89: Footprint not found
DEBUG: key_placer.py:854: Placing additional elements for S9
DEBUG: board_modifier.py:107: Getting S9 footprint position: (57150000, 42862500)
DEBUG: board_modifier.py:84: Searching for optional ST9 footprint in D:\User\Andrew\Desktop\Projects\Keyboard_Design\prototype-mk1\prototype-mk1\prototype-mk1.kicad_pcb
DEBUG: board_modifier.py:89: Footprint not found
DEBUG: key_placer.py:854: Placing additional elements for S8
DEBUG: board_modifier.py:107: Getting S8 footprint position: (200025000, 41910000)
DEBUG: board_modifier.py:84: Searching for optional ST8 footprint in D:\User\Andrew\Desktop\Projects\Keyboard_Design\prototype-mk1\prototype-mk1\prototype-mk1.kicad_pcb
DEBUG: board_modifier.py:89: Footprint not found
DEBUG: key_placer.py:854: Placing additional elements for S6
DEBUG: board_modifier.py:107: Getting S6 footprint position: (257175000, 39243000)
DEBUG: board_modifier.py:84: Searching for optional ST6 footprint in D:\User\Andrew\Desktop\Projects\Keyboard_Design\prototype-mk1\prototype-mk1\prototype-mk1.kicad_pcb
DEBUG: board_modifier.py:89: Footprint not found
DEBUG: key_placer.py:854: Placing additional elements for S5
DEBUG: board_modifier.py:107: Getting S5 footprint position: (219075000, 39243000)
DEBUG: board_modifier.py:84: Searching for optional ST5 footprint in D:\User\Andrew\Desktop\Projects\Keyboard_Design\prototype-mk1\prototype-mk1\prototype-mk1.kicad_pcb
DEBUG: board_modifier.py:89: Footprint not found
DEBUG: key_placer.py:854: Placing additional elements for S4
DEBUG: board_modifier.py:107: Getting S4 footprint position: (114300000, 39243000)
DEBUG: board_modifier.py:84: Searching for optional ST4 footprint in D:\User\Andrew\Desktop\Projects\Keyboard_Design\prototype-mk1\prototype-mk1\prototype-mk1.kicad_pcb
DEBUG: board_modifier.py:89: Footprint not found
DEBUG: key_placer.py:854: Placing additional elements for S3
DEBUG: board_modifier.py:107: Getting S3 footprint position: (76200000, 39243000)
DEBUG: board_modifier.py:84: Searching for optional ST3 footprint in D:\User\Andrew\Desktop\Projects\Keyboard_Design\prototype-mk1\prototype-mk1\prototype-mk1.kicad_pcb
DEBUG: board_modifier.py:89: Footprint not found
DEBUG: key_placer.py:854: Placing additional elements for S2
DEBUG: board_modifier.py:107: Getting S2 footprint position: (238125000, 38100000)
DEBUG: board_modifier.py:84: Searching for optional ST2 footprint in D:\User\Andrew\Desktop\Projects\Keyboard_Design\prototype-mk1\prototype-mk1\prototype-mk1.kicad_pcb
DEBUG: board_modifier.py:89: Footprint not found
DEBUG: key_placer.py:854: Placing additional elements for S1
DEBUG: board_modifier.py:107: Getting S1 footprint position: (95250000, 38100000)
DEBUG: board_modifier.py:84: Searching for optional ST1 footprint in D:\User\Andrew\Desktop\Projects\Keyboard_Design\prototype-mk1\prototype-mk1\prototype-mk1.kicad_pcb
DEBUG: board_modifier.py:89: Footprint not found
INFO: key_placer.py:486: Routing S56 with D58
INFO: key_placer.py:488: Using internal autorouter method
DEBUG: board_modifier.py:541: Routing at B.Cu layer
DEBUG: board_modifier.py:558: Netclass: Default, track width: 200000
DEBUG: board_modifier.py:620: Routing pad 'S56:2' at (148007284, 112066117) with pad 'D58:2' at (150607969, 117490518) using coordinate system rotated by 302.0 degree(s)
INFO: board_modifier.py:464: Adding track segment (B.Cu): [(148007284, 112066117), (149582958, 113050707)]
INFO: board_modifier.py:469: Track added
INFO: board_modifier.py:464: Adding track segment (B.Cu): [(149582958, 113050707), (150607969, 117490518)]
INFO: board_modifier.py:469: Track added
INFO: key_placer.py:486: Routing S55 with D57
INFO: key_placer.py:488: Using internal autorouter method
DEBUG: board_modifier.py:541: Routing at B.Cu layer
DEBUG: board_modifier.py:558: Netclass: Default, track width: 200000
DEBUG: board_modifier.py:620: Routing pad 'S55:2' at (191559293, 121974711) with pad 'D57:2' at (185543809, 121934290) using coordinate system rotated by 58.0 degree(s)
INFO: board_modifier.py:464: Adding track segment (B.Cu): [(191559293, 121974711), (189983619, 122959301)]
INFO: board_modifier.py:469: Track added
INFO: board_modifier.py:464: Adding track segment (B.Cu): [(189983619, 122959301), (185543809, 121934290)]
INFO: board_modifier.py:469: Track added
INFO: key_placer.py:486: Routing S54 with D56
INFO: key_placer.py:488: Using internal autorouter method
DEBUG: board_modifier.py:541: Routing at B.Cu layer
DEBUG: board_modifier.py:558: Netclass: Default, track width: 200000
DEBUG: board_modifier.py:620: Routing pad 'S54:2' at (215392000, 113030000) with pad 'D56:2' at (212170000, 118110000) using coordinate system rotated by 0 degree(s)
INFO: board_modifier.py:464: Adding track segment (B.Cu): [(215392000, 113030000), (215392000, 114888000)]
INFO: board_modifier.py:469: Track added
INFO: board_modifier.py:464: Adding track segment (B.Cu): [(215392000, 114888000), (212170000, 118110000)]
INFO: board_modifier.py:469: Track added
INFO: key_placer.py:486: Routing S53 with D55
INFO: key_placer.py:488: Using internal autorouter method
DEBUG: board_modifier.py:541: Routing at B.Cu layer
DEBUG: board_modifier.py:558: Netclass: Default, track width: 200000
DEBUG: board_modifier.py:620: Routing pad 'S53:2' at (129667000, 113030000) with pad 'D55:2' at (126445000, 118110000) using coordinate system rotated by 0 degree(s)
INFO: board_modifier.py:464: Adding track segment (B.Cu): [(129667000, 113030000), (129667000, 114888000)]
INFO: board_modifier.py:469: Track added
INFO: board_modifier.py:464: Adding track segment (B.Cu): [(129667000, 114888000), (126445000, 118110000)]
INFO: board_modifier.py:469: Track added
INFO: key_placer.py:486: Routing S52 with D53
INFO: key_placer.py:488: Using internal autorouter method
DEBUG: board_modifier.py:541: Routing at B.Cu layer
DEBUG: board_modifier.py:558: Netclass: Default, track width: 200000
DEBUG: board_modifier.py:620: Routing pad 'S52:2' at (253492000, 111696500) with pad 'D53:2' at (250270000, 116776500) using coordinate system rotated by 0 degree(s)
INFO: board_modifier.py:464: Adding track segment (B.Cu): [(253492000, 111696500), (253492000, 113554500)]
INFO: board_modifier.py:469: Track added
INFO: board_modifier.py:464: Adding track segment (B.Cu): [(253492000, 113554500), (250270000, 116776500)]
INFO: board_modifier.py:469: Track added
INFO: key_placer.py:486: Routing S51 with D52
INFO: key_placer.py:488: Using internal autorouter method
DEBUG: board_modifier.py:541: Routing at B.Cu layer
DEBUG: board_modifier.py:558: Netclass: Default, track width: 200000
DEBUG: board_modifier.py:620: Routing pad 'S51:2' at (234442000, 111696500) with pad 'D52:2' at (231220000, 116776500) using coordinate system rotated by 0 degree(s)
INFO: board_modifier.py:464: Adding track segment (B.Cu): [(234442000, 111696500), (234442000, 113554500)]
INFO: board_modifier.py:469: Track added
INFO: board_modifier.py:464: Adding track segment (B.Cu): [(234442000, 113554500), (231220000, 116776500)]
INFO: board_modifier.py:469: Track added
INFO: key_placer.py:486: Routing S50 with D51
INFO: key_placer.py:488: Using internal autorouter method
DEBUG: board_modifier.py:541: Routing at B.Cu layer
DEBUG: board_modifier.py:558: Netclass: Default, track width: 200000
DEBUG: board_modifier.py:620: Routing pad 'S50:2' at (110617000, 111696500) with pad 'D51:2' at (107395000, 116776500) using coordinate system rotated by 0 degree(s)
INFO: board_modifier.py:464: Adding track segment (B.Cu): [(110617000, 111696500), (110617000, 113554500)]
INFO: board_modifier.py:469: Track added
INFO: board_modifier.py:464: Adding track segment (B.Cu): [(110617000, 113554500), (107395000, 116776500)]
INFO: board_modifier.py:469: Track added
INFO: key_placer.py:486: Routing S49 with D50
INFO: key_placer.py:488: Using internal autorouter method
DEBUG: board_modifier.py:541: Routing at B.Cu layer
DEBUG: board_modifier.py:558: Netclass: Default, track width: 200000
DEBUG: board_modifier.py:620: Routing pad 'S49:2' at (91567000, 111696500) with pad 'D50:2' at (88345000, 116776500) using coordinate system rotated by 0 degree(s)
INFO: board_modifier.py:464: Adding track segment (B.Cu): [(91567000, 111696500), (91567000, 113554500)]
INFO: board_modifier.py:469: Track added
INFO: board_modifier.py:464: Adding track segment (B.Cu): [(91567000, 113554500), (88345000, 116776500)]
INFO: board_modifier.py:469: Track added
INFO: key_placer.py:486: Routing S48 with D49
INFO: key_placer.py:488: Using internal autorouter method
DEBUG: board_modifier.py:541: Routing at B.Cu layer
DEBUG: board_modifier.py:558: Netclass: Default, track width: 200000
DEBUG: board_modifier.py:620: Routing pad 'S48:2' at (301117000, 96075500) with pad 'D49:2' at (297895000, 101155500) using coordinate system rotated by 0 degree(s)
INFO: board_modifier.py:464: Adding track segment (B.Cu): [(301117000, 96075500), (301117000, 97933500)]
INFO: board_modifier.py:469: Track added
INFO: board_modifier.py:464: Adding track segment (B.Cu): [(301117000, 97933500), (297895000, 101155500)]
INFO: board_modifier.py:469: Track added
INFO: key_placer.py:486: Routing S47 with D48
INFO: key_placer.py:488: Using internal autorouter method
DEBUG: board_modifier.py:541: Routing at B.Cu layer
DEBUG: board_modifier.py:558: Netclass: Default, track width: 200000
DEBUG: board_modifier.py:620: Routing pad 'S47:2' at (43942000, 96075500) with pad 'D48:2' at (40720000, 101155500) using coordinate system rotated by 0 degree(s)
INFO: board_modifier.py:464: Adding track segment (B.Cu): [(43942000, 96075500), (43942000, 97933500)]
INFO: board_modifier.py:469: Track added
INFO: board_modifier.py:464: Adding track segment (B.Cu): [(43942000, 97933500), (40720000, 101155500)]
INFO: board_modifier.py:469: Track added
INFO: key_placer.py:486: Routing S46 with D47
INFO: key_placer.py:488: Using internal autorouter method
DEBUG: board_modifier.py:541: Routing at B.Cu layer
DEBUG: board_modifier.py:558: Netclass: Default, track width: 200000
DEBUG: board_modifier.py:620: Routing pad 'S46:2' at (282067000, 94932500) with pad 'D47:2' at (278845000, 100012500) using coordinate system rotated by 0 degree(s)
INFO: board_modifier.py:464: Adding track segment (B.Cu): [(282067000, 94932500), (282067000, 96790500)]
INFO: board_modifier.py:469: Track added
INFO: board_modifier.py:464: Adding track segment (B.Cu): [(282067000, 96790500), (278845000, 100012500)]
INFO: board_modifier.py:469: Track added
INFO: key_placer.py:486: Routing S45 with D46
INFO: key_placer.py:488: Using internal autorouter method
DEBUG: board_modifier.py:541: Routing at B.Cu layer
DEBUG: board_modifier.py:558: Netclass: Default, track width: 200000
DEBUG: board_modifier.py:620: Routing pad 'S45:2' at (62992000, 94932500) with pad 'D46:2' at (59770000, 100012500) using coordinate system rotated by 0 degree(s)
INFO: board_modifier.py:464: Adding track segment (B.Cu): [(62992000, 94932500), (62992000, 96790500)]
INFO: board_modifier.py:469: Track added
INFO: board_modifier.py:464: Adding track segment (B.Cu): [(62992000, 96790500), (59770000, 100012500)]
INFO: board_modifier.py:469: Track added
INFO: key_placer.py:486: Routing S44 with D45
INFO: key_placer.py:488: Using internal autorouter method
DEBUG: board_modifier.py:541: Routing at B.Cu layer
DEBUG: board_modifier.py:558: Netclass: Default, track width: 200000
DEBUG: board_modifier.py:620: Routing pad 'S44:2' at (205867000, 93980000) with pad 'D45:2' at (202645000, 99060000) using coordinate system rotated by 0 degree(s)
INFO: board_modifier.py:464: Adding track segment (B.Cu): [(205867000, 93980000), (205867000, 95838000)]
INFO: board_modifier.py:469: Track added
INFO: board_modifier.py:464: Adding track segment (B.Cu): [(205867000, 95838000), (202645000, 99060000)]
INFO: board_modifier.py:469: Track added
INFO: key_placer.py:486: Routing S43 with D44
INFO: key_placer.py:488: Using internal autorouter method
DEBUG: board_modifier.py:541: Routing at B.Cu layer
DEBUG: board_modifier.py:558: Netclass: Default, track width: 200000
DEBUG: board_modifier.py:620: Routing pad 'S43:2' at (139192000, 93980000) with pad 'D44:2' at (135970000, 99060000) using coordinate system rotated by 0 degree(s)
INFO: board_modifier.py:464: Adding track segment (B.Cu): [(139192000, 93980000), (139192000, 95838000)]
INFO: board_modifier.py:469: Track added
INFO: board_modifier.py:464: Adding track segment (B.Cu): [(139192000, 95838000), (135970000, 99060000)]
INFO: board_modifier.py:469: Track added
INFO: key_placer.py:486: Routing S42 with D43
INFO: key_placer.py:488: Using internal autorouter method
DEBUG: board_modifier.py:541: Routing at B.Cu layer
DEBUG: board_modifier.py:558: Netclass: Default, track width: 200000
DEBUG: board_modifier.py:620: Routing pad 'S42:2' at (263017000, 91313000) with pad 'D43:2' at (259795000, 96393000) using coordinate system rotated by 0 degree(s)
INFO: board_modifier.py:464: Adding track segment (B.Cu): [(263017000, 91313000), (263017000, 93171000)]
INFO: board_modifier.py:469: Track added
INFO: board_modifier.py:464: Adding track segment (B.Cu): [(263017000, 93171000), (259795000, 96393000)]
INFO: board_modifier.py:469: Track added
INFO: key_placer.py:486: Routing S41 with D42
INFO: key_placer.py:488: Using internal autorouter method
DEBUG: board_modifier.py:541: Routing at B.Cu layer
DEBUG: board_modifier.py:558: Netclass: Default, track width: 200000
DEBUG: board_modifier.py:620: Routing pad 'S41:2' at (224917000, 91313000) with pad 'D42:2' at (221695000, 96393000) using coordinate system rotated by 0 degree(s)
INFO: board_modifier.py:464: Adding track segment (B.Cu): [(224917000, 91313000), (224917000, 93171000)]
INFO: board_modifier.py:469: Track added
INFO: board_modifier.py:464: Adding track segment (B.Cu): [(224917000, 93171000), (221695000, 96393000)]
INFO: board_modifier.py:469: Track added
INFO: key_placer.py:486: Routing S40 with D41
INFO: key_placer.py:488: Using internal autorouter method
DEBUG: board_modifier.py:541: Routing at B.Cu layer
DEBUG: board_modifier.py:558: Netclass: Default, track width: 200000
DEBUG: board_modifier.py:620: Routing pad 'S40:2' at (120142000, 91313000) with pad 'D41:2' at (116920000, 96393000) using coordinate system rotated by 0 degree(s)
INFO: board_modifier.py:464: Adding track segment (B.Cu): [(120142000, 91313000), (120142000, 93171000)]
INFO: board_modifier.py:469: Track added
INFO: board_modifier.py:464: Adding track segment (B.Cu): [(120142000, 93171000), (116920000, 96393000)]
INFO: board_modifier.py:469: Track added
INFO: key_placer.py:486: Routing S39 with D40
INFO: key_placer.py:488: Using internal autorouter method
DEBUG: board_modifier.py:541: Routing at B.Cu layer
DEBUG: board_modifier.py:558: Netclass: Default, track width: 200000
DEBUG: board_modifier.py:620: Routing pad 'S39:2' at (82042000, 91313000) with pad 'D40:2' at (78820000, 96393000) using coordinate system rotated by 0 degree(s)
INFO: board_modifier.py:464: Adding track segment (B.Cu): [(82042000, 91313000), (82042000, 93171000)]
INFO: board_modifier.py:469: Track added
INFO: board_modifier.py:464: Adding track segment (B.Cu): [(82042000, 93171000), (78820000, 96393000)]
INFO: board_modifier.py:469: Track added
INFO: key_placer.py:486: Routing S38 with D39
INFO: key_placer.py:488: Using internal autorouter method
DEBUG: board_modifier.py:541: Routing at B.Cu layer
DEBUG: board_modifier.py:558: Netclass: Default, track width: 200000
DEBUG: board_modifier.py:620: Routing pad 'S38:2' at (243967000, 90170000) with pad 'D39:2' at (240745000, 95250000) using coordinate system rotated by 0 degree(s)
INFO: board_modifier.py:464: Adding track segment (B.Cu): [(243967000, 90170000), (243967000, 92028000)]
INFO: board_modifier.py:469: Track added
INFO: board_modifier.py:464: Adding track segment (B.Cu): [(243967000, 92028000), (240745000, 95250000)]
INFO: board_modifier.py:469: Track added
INFO: key_placer.py:486: Routing S37 with D38
INFO: key_placer.py:488: Using internal autorouter method
DEBUG: board_modifier.py:541: Routing at B.Cu layer
DEBUG: board_modifier.py:558: Netclass: Default, track width: 200000
DEBUG: board_modifier.py:620: Routing pad 'S37:2' at (101092000, 90170000) with pad 'D38:2' at (97870000, 95250000) using coordinate system rotated by 0 degree(s)
INFO: board_modifier.py:464: Adding track segment (B.Cu): [(101092000, 90170000), (101092000, 92028000)]
INFO: board_modifier.py:469: Track added
INFO: board_modifier.py:464: Adding track segment (B.Cu): [(101092000, 92028000), (97870000, 95250000)]
INFO: board_modifier.py:469: Track added
INFO: key_placer.py:486: Routing S36 with D37
INFO: key_placer.py:488: Using internal autorouter method
DEBUG: board_modifier.py:541: Routing at B.Cu layer
DEBUG: board_modifier.py:558: Netclass: Default, track width: 200000
DEBUG: board_modifier.py:620: Routing pad 'S36:2' at (301117000, 77025500) with pad 'D37:2' at (297895000, 82105500) using coordinate system rotated by 0 degree(s)
INFO: board_modifier.py:464: Adding track segment (B.Cu): [(301117000, 77025500), (301117000, 78883500)]
INFO: board_modifier.py:469: Track added
INFO: board_modifier.py:464: Adding track segment (B.Cu): [(301117000, 78883500), (297895000, 82105500)]
INFO: board_modifier.py:469: Track added
INFO: key_placer.py:486: Routing S35 with D36
INFO: key_placer.py:488: Using internal autorouter method
DEBUG: board_modifier.py:541: Routing at B.Cu layer
DEBUG: board_modifier.py:558: Netclass: Default, track width: 200000
DEBUG: board_modifier.py:620: Routing pad 'S35:2' at (43942000, 77025500) with pad 'D36:2' at (40720000, 82105500) using coordinate system rotated by 0 degree(s)
INFO: board_modifier.py:464: Adding track segment (B.Cu): [(43942000, 77025500), (43942000, 78883500)]
INFO: board_modifier.py:469: Track added
INFO: board_modifier.py:464: Adding track segment (B.Cu): [(43942000, 78883500), (40720000, 82105500)]
INFO: board_modifier.py:469: Track added
INFO: key_placer.py:486: Routing S34 with D35
INFO: key_placer.py:488: Using internal autorouter method
DEBUG: board_modifier.py:541: Routing at B.Cu layer
DEBUG: board_modifier.py:558: Netclass: Default, track width: 200000
DEBUG: board_modifier.py:620: Routing pad 'S34:2' at (282067000, 75882500) with pad 'D35:2' at (278845000, 80962500) using coordinate system rotated by 0 degree(s)
INFO: board_modifier.py:464: Adding track segment (B.Cu): [(282067000, 75882500), (282067000, 77740500)]
INFO: board_modifier.py:469: Track added
INFO: board_modifier.py:464: Adding track segment (B.Cu): [(282067000, 77740500), (278845000, 80962500)]
INFO: board_modifier.py:469: Track added
INFO: key_placer.py:486: Routing S33 with D34
INFO: key_placer.py:488: Using internal autorouter method
DEBUG: board_modifier.py:541: Routing at B.Cu layer
DEBUG: board_modifier.py:558: Netclass: Default, track width: 200000
DEBUG: board_modifier.py:620: Routing pad 'S33:2' at (62992000, 75882500) with pad 'D34:2' at (59770000, 80962500) using coordinate system rotated by 0 degree(s)
INFO: board_modifier.py:464: Adding track segment (B.Cu): [(62992000, 75882500), (62992000, 77740500)]
INFO: board_modifier.py:469: Track added
INFO: board_modifier.py:464: Adding track segment (B.Cu): [(62992000, 77740500), (59770000, 80962500)]
INFO: board_modifier.py:469: Track added
INFO: key_placer.py:486: Routing S32 with D33
INFO: key_placer.py:488: Using internal autorouter method
DEBUG: board_modifier.py:541: Routing at B.Cu layer
DEBUG: board_modifier.py:558: Netclass: Default, track width: 200000
DEBUG: board_modifier.py:620: Routing pad 'S32:2' at (205867000, 74930000) with pad 'D33:2' at (202645000, 80010000) using coordinate system rotated by 0 degree(s)
INFO: board_modifier.py:464: Adding track segment (B.Cu): [(205867000, 74930000), (205867000, 76788000)]
INFO: board_modifier.py:469: Track added
INFO: board_modifier.py:464: Adding track segment (B.Cu): [(205867000, 76788000), (202645000, 80010000)]
INFO: board_modifier.py:469: Track added
INFO: key_placer.py:486: Routing S31 with D32
INFO: key_placer.py:488: Using internal autorouter method
DEBUG: board_modifier.py:541: Routing at B.Cu layer
DEBUG: board_modifier.py:558: Netclass: Default, track width: 200000
DEBUG: board_modifier.py:620: Routing pad 'S31:2' at (139192000, 74930000) with pad 'D32:2' at (135970000, 80010000) using coordinate system rotated by 0 degree(s)
INFO: board_modifier.py:464: Adding track segment (B.Cu): [(139192000, 74930000), (139192000, 76788000)]
INFO: board_modifier.py:469: Track added
INFO: board_modifier.py:464: Adding track segment (B.Cu): [(139192000, 76788000), (135970000, 80010000)]
INFO: board_modifier.py:469: Track added
INFO: key_placer.py:486: Routing S26 with D27
INFO: key_placer.py:488: Using internal autorouter method
DEBUG: board_modifier.py:541: Routing at B.Cu layer
DEBUG: board_modifier.py:558: Netclass: Default, track width: 200000
DEBUG: board_modifier.py:620: Routing pad 'S26:2' at (243967000, 71120000) with pad 'D27:2' at (240745000, 76200000) using coordinate system rotated by 0 degree(s)
INFO: board_modifier.py:464: Adding track segment (B.Cu): [(243967000, 71120000), (243967000, 72978000)]
INFO: board_modifier.py:469: Track added
INFO: board_modifier.py:464: Adding track segment (B.Cu): [(243967000, 72978000), (240745000, 76200000)]
INFO: board_modifier.py:469: Track added
INFO: key_placer.py:486: Routing S7 with D7
INFO: key_placer.py:488: Using internal autorouter method
DEBUG: board_modifier.py:541: Routing at B.Cu layer
DEBUG: board_modifier.py:558: Netclass: Default, track width: 200000
DEBUG: board_modifier.py:620: Routing pad 'S7:2' at (139192000, 36830000) with pad 'D7:2' at (135970000, 41910000) using coordinate system rotated by 0 degree(s)
INFO: board_modifier.py:464: Adding track segment (B.Cu): [(139192000, 36830000), (139192000, 38688000)]
INFO: board_modifier.py:469: Track added
INFO: board_modifier.py:464: Adding track segment (B.Cu): [(139192000, 38688000), (135970000, 41910000)]
INFO: board_modifier.py:469: Track added
INFO: key_placer.py:486: Routing S30 with D31
INFO: key_placer.py:488: Using internal autorouter method
DEBUG: board_modifier.py:541: Routing at B.Cu layer
DEBUG: board_modifier.py:558: Netclass: Default, track width: 200000
DEBUG: board_modifier.py:620: Routing pad 'S30:2' at (263017000, 72263000) with pad 'D31:2' at (259795000, 77343000) using coordinate system rotated by 0 degree(s)
INFO: board_modifier.py:464: Adding track segment (B.Cu): [(263017000, 72263000), (263017000, 74121000)]
INFO: board_modifier.py:469: Track added
INFO: board_modifier.py:464: Adding track segment (B.Cu): [(263017000, 74121000), (259795000, 77343000)]
INFO: board_modifier.py:469: Track added
INFO: key_placer.py:486: Routing S29 with D30
INFO: key_placer.py:488: Using internal autorouter method
DEBUG: board_modifier.py:541: Routing at B.Cu layer
DEBUG: board_modifier.py:558: Netclass: Default, track width: 200000
DEBUG: board_modifier.py:620: Routing pad 'S29:2' at (224917000, 72263000) with pad 'D30:2' at (221695000, 77343000) using coordinate system rotated by 0 degree(s)
INFO: board_modifier.py:464: Adding track segment (B.Cu): [(224917000, 72263000), (224917000, 74121000)]
INFO: board_modifier.py:469: Track added
INFO: board_modifier.py:464: Adding track segment (B.Cu): [(224917000, 74121000), (221695000, 77343000)]
INFO: board_modifier.py:469: Track added
INFO: key_placer.py:486: Routing S28 with D29
INFO: key_placer.py:488: Using internal autorouter method
DEBUG: board_modifier.py:541: Routing at B.Cu layer
DEBUG: board_modifier.py:558: Netclass: Default, track width: 200000
DEBUG: board_modifier.py:620: Routing pad 'S28:2' at (120142000, 72263000) with pad 'D29:2' at (116920000, 77343000) using coordinate system rotated by 0 degree(s)
INFO: board_modifier.py:464: Adding track segment (B.Cu): [(120142000, 72263000), (120142000, 74121000)]
INFO: board_modifier.py:469: Track added
INFO: board_modifier.py:464: Adding track segment (B.Cu): [(120142000, 74121000), (116920000, 77343000)]
INFO: board_modifier.py:469: Track added
INFO: key_placer.py:486: Routing S27 with D28
INFO: key_placer.py:488: Using internal autorouter method
DEBUG: board_modifier.py:541: Routing at B.Cu layer
DEBUG: board_modifier.py:558: Netclass: Default, track width: 200000
DEBUG: board_modifier.py:620: Routing pad 'S27:2' at (82042000, 72263000) with pad 'D28:2' at (78820000, 77343000) using coordinate system rotated by 0 degree(s)
INFO: board_modifier.py:464: Adding track segment (B.Cu): [(82042000, 72263000), (82042000, 74121000)]
INFO: board_modifier.py:469: Track added
INFO: board_modifier.py:464: Adding track segment (B.Cu): [(82042000, 74121000), (78820000, 77343000)]
INFO: board_modifier.py:469: Track added
INFO: key_placer.py:486: Routing S25 with D26
INFO: key_placer.py:488: Using internal autorouter method
DEBUG: board_modifier.py:541: Routing at B.Cu layer
DEBUG: board_modifier.py:558: Netclass: Default, track width: 200000
DEBUG: board_modifier.py:620: Routing pad 'S25:2' at (101092000, 71120000) with pad 'D26:2' at (97870000, 76200000) using coordinate system rotated by 0 degree(s)
INFO: board_modifier.py:464: Adding track segment (B.Cu): [(101092000, 71120000), (101092000, 72978000)]
INFO: board_modifier.py:469: Track added
INFO: board_modifier.py:464: Adding track segment (B.Cu): [(101092000, 72978000), (97870000, 76200000)]
INFO: board_modifier.py:469: Track added
INFO: key_placer.py:486: Routing S24 with D24
INFO: key_placer.py:488: Using internal autorouter method
DEBUG: board_modifier.py:541: Routing at B.Cu layer
DEBUG: board_modifier.py:558: Netclass: Default, track width: 200000
DEBUG: board_modifier.py:620: Routing pad 'S24:2' at (301117000, 57975500) with pad 'D24:2' at (297895000, 63055500) using coordinate system rotated by 0 degree(s)
INFO: board_modifier.py:464: Adding track segment (B.Cu): [(301117000, 57975500), (301117000, 59833500)]
INFO: board_modifier.py:469: Track added
INFO: board_modifier.py:464: Adding track segment (B.Cu): [(301117000, 59833500), (297895000, 63055500)]
INFO: board_modifier.py:469: Track added
INFO: key_placer.py:486: Routing S23 with D23
INFO: key_placer.py:488: Using internal autorouter method
DEBUG: board_modifier.py:541: Routing at B.Cu layer
DEBUG: board_modifier.py:558: Netclass: Default, track width: 200000
DEBUG: board_modifier.py:620: Routing pad 'S23:2' at (43942000, 57975500) with pad 'D23:2' at (40720000, 63055500) using coordinate system rotated by 0 degree(s)
INFO: board_modifier.py:464: Adding track segment (B.Cu): [(43942000, 57975500), (43942000, 59833500)]
INFO: board_modifier.py:469: Track added
INFO: board_modifier.py:464: Adding track segment (B.Cu): [(43942000, 59833500), (40720000, 63055500)]
INFO: board_modifier.py:469: Track added
INFO: key_placer.py:486: Routing S22 with D22
INFO: key_placer.py:488: Using internal autorouter method
DEBUG: board_modifier.py:541: Routing at B.Cu layer
DEBUG: board_modifier.py:558: Netclass: Default, track width: 200000
DEBUG: board_modifier.py:620: Routing pad 'S22:2' at (282067000, 56832500) with pad 'D22:2' at (278845000, 61912500) using coordinate system rotated by 0 degree(s)
INFO: board_modifier.py:464: Adding track segment (B.Cu): [(282067000, 56832500), (282067000, 58690500)]
INFO: board_modifier.py:469: Track added
INFO: board_modifier.py:464: Adding track segment (B.Cu): [(282067000, 58690500), (278845000, 61912500)]
INFO: board_modifier.py:469: Track added
INFO: key_placer.py:486: Routing S21 with D21
INFO: key_placer.py:488: Using internal autorouter method
DEBUG: board_modifier.py:541: Routing at B.Cu layer
DEBUG: board_modifier.py:558: Netclass: Default, track width: 200000
DEBUG: board_modifier.py:620: Routing pad 'S21:2' at (62992000, 56832500) with pad 'D21:2' at (59770000, 61912500) using coordinate system rotated by 0 degree(s)
INFO: board_modifier.py:464: Adding track segment (B.Cu): [(62992000, 56832500), (62992000, 58690500)]
INFO: board_modifier.py:469: Track added
INFO: board_modifier.py:464: Adding track segment (B.Cu): [(62992000, 58690500), (59770000, 61912500)]
INFO: board_modifier.py:469: Track added
INFO: key_placer.py:486: Routing S20 with D20
INFO: key_placer.py:488: Using internal autorouter method
DEBUG: board_modifier.py:541: Routing at B.Cu layer
DEBUG: board_modifier.py:558: Netclass: Default, track width: 200000
DEBUG: board_modifier.py:620: Routing pad 'S20:2' at (205867000, 55880000) with pad 'D20:2' at (202645000, 60960000) using coordinate system rotated by 0 degree(s)
INFO: board_modifier.py:464: Adding track segment (B.Cu): [(205867000, 55880000), (205867000, 57738000)]
INFO: board_modifier.py:469: Track added
INFO: board_modifier.py:464: Adding track segment (B.Cu): [(205867000, 57738000), (202645000, 60960000)]
INFO: board_modifier.py:469: Track added
INFO: key_placer.py:486: Routing S19 with D19
INFO: key_placer.py:488: Using internal autorouter method
DEBUG: board_modifier.py:541: Routing at B.Cu layer
DEBUG: board_modifier.py:558: Netclass: Default, track width: 200000
DEBUG: board_modifier.py:620: Routing pad 'S19:2' at (139192000, 55880000) with pad 'D19:2' at (135970000, 60960000) using coordinate system rotated by 0 degree(s)
INFO: board_modifier.py:464: Adding track segment (B.Cu): [(139192000, 55880000), (139192000, 57738000)]
INFO: board_modifier.py:469: Track added
INFO: board_modifier.py:464: Adding track segment (B.Cu): [(139192000, 57738000), (135970000, 60960000)]
INFO: board_modifier.py:469: Track added
INFO: key_placer.py:486: Routing S18 with D18
INFO: key_placer.py:488: Using internal autorouter method
DEBUG: board_modifier.py:541: Routing at B.Cu layer
DEBUG: board_modifier.py:558: Netclass: Default, track width: 200000
DEBUG: board_modifier.py:620: Routing pad 'S18:2' at (263017000, 53213000) with pad 'D18:2' at (259795000, 58293000) using coordinate system rotated by 0 degree(s)
INFO: board_modifier.py:464: Adding track segment (B.Cu): [(263017000, 53213000), (263017000, 55071000)]
INFO: board_modifier.py:469: Track added
INFO: board_modifier.py:464: Adding track segment (B.Cu): [(263017000, 55071000), (259795000, 58293000)]
INFO: board_modifier.py:469: Track added
INFO: key_placer.py:486: Routing S17 with D17
INFO: key_placer.py:488: Using internal autorouter method
DEBUG: board_modifier.py:541: Routing at B.Cu layer
DEBUG: board_modifier.py:558: Netclass: Default, track width: 200000
DEBUG: board_modifier.py:620: Routing pad 'S17:2' at (224917000, 53213000) with pad 'D17:2' at (221695000, 58293000) using coordinate system rotated by 0 degree(s)
INFO: board_modifier.py:464: Adding track segment (B.Cu): [(224917000, 53213000), (224917000, 55071000)]
INFO: board_modifier.py:469: Track added
INFO: board_modifier.py:464: Adding track segment (B.Cu): [(224917000, 55071000), (221695000, 58293000)]
INFO: board_modifier.py:469: Track added
INFO: key_placer.py:486: Routing S16 with D16
INFO: key_placer.py:488: Using internal autorouter method
DEBUG: board_modifier.py:541: Routing at B.Cu layer
DEBUG: board_modifier.py:558: Netclass: Default, track width: 200000
DEBUG: board_modifier.py:620: Routing pad 'S16:2' at (120142000, 53213000) with pad 'D16:2' at (116920000, 58293000) using coordinate system rotated by 0 degree(s)
INFO: board_modifier.py:464: Adding track segment (B.Cu): [(120142000, 53213000), (120142000, 55071000)]
INFO: board_modifier.py:469: Track added
INFO: board_modifier.py:464: Adding track segment (B.Cu): [(120142000, 55071000), (116920000, 58293000)]
INFO: board_modifier.py:469: Track added
INFO: key_placer.py:486: Routing S15 with D15
INFO: key_placer.py:488: Using internal autorouter method
DEBUG: board_modifier.py:541: Routing at B.Cu layer
DEBUG: board_modifier.py:558: Netclass: Default, track width: 200000
DEBUG: board_modifier.py:620: Routing pad 'S15:2' at (82042000, 53213000) with pad 'D15:2' at (78820000, 58293000) using coordinate system rotated by 0 degree(s)
INFO: board_modifier.py:464: Adding track segment (B.Cu): [(82042000, 53213000), (82042000, 55071000)]
INFO: board_modifier.py:469: Track added
INFO: board_modifier.py:464: Adding track segment (B.Cu): [(82042000, 55071000), (78820000, 58293000)]
INFO: board_modifier.py:469: Track added
INFO: key_placer.py:486: Routing S14 with D14
INFO: key_placer.py:488: Using internal autorouter method
DEBUG: board_modifier.py:541: Routing at B.Cu layer
DEBUG: board_modifier.py:558: Netclass: Default, track width: 200000
DEBUG: board_modifier.py:620: Routing pad 'S14:2' at (243967000, 52070000) with pad 'D14:2' at (240745000, 57150000) using coordinate system rotated by 0 degree(s)
INFO: board_modifier.py:464: Adding track segment (B.Cu): [(243967000, 52070000), (243967000, 53928000)]
INFO: board_modifier.py:469: Track added
INFO: board_modifier.py:464: Adding track segment (B.Cu): [(243967000, 53928000), (240745000, 57150000)]
INFO: board_modifier.py:469: Track added
INFO: key_placer.py:486: Routing S13 with D13
INFO: key_placer.py:488: Using internal autorouter method
DEBUG: board_modifier.py:541: Routing at B.Cu layer
DEBUG: board_modifier.py:558: Netclass: Default, track width: 200000
DEBUG: board_modifier.py:620: Routing pad 'S13:2' at (101092000, 52070000) with pad 'D13:2' at (97870000, 57150000) using coordinate system rotated by 0 degree(s)
INFO: board_modifier.py:464: Adding track segment (B.Cu): [(101092000, 52070000), (101092000, 53928000)]
INFO: board_modifier.py:469: Track added
INFO: board_modifier.py:464: Adding track segment (B.Cu): [(101092000, 53928000), (97870000, 57150000)]
INFO: board_modifier.py:469: Track added
INFO: key_placer.py:486: Routing S12 with D12
INFO: key_placer.py:488: Using internal autorouter method
DEBUG: board_modifier.py:541: Routing at B.Cu layer
DEBUG: board_modifier.py:558: Netclass: Default, track width: 200000
DEBUG: board_modifier.py:620: Routing pad 'S12:2' at (301117000, 38925500) with pad 'D12:2' at (297895000, 44005500) using coordinate system rotated by 0 degree(s)
INFO: board_modifier.py:464: Adding track segment (B.Cu): [(301117000, 38925500), (301117000, 40783500)]
INFO: board_modifier.py:469: Track added
INFO: board_modifier.py:464: Adding track segment (B.Cu): [(301117000, 40783500), (297895000, 44005500)]
INFO: board_modifier.py:469: Track added
INFO: key_placer.py:486: Routing S11 with D11
INFO: key_placer.py:488: Using internal autorouter method
DEBUG: board_modifier.py:541: Routing at B.Cu layer
DEBUG: board_modifier.py:558: Netclass: Default, track width: 200000
DEBUG: board_modifier.py:620: Routing pad 'S11:2' at (43942000, 38925500) with pad 'D11:2' at (40720000, 44005500) using coordinate system rotated by 0 degree(s)
INFO: board_modifier.py:464: Adding track segment (B.Cu): [(43942000, 38925500), (43942000, 40783500)]
INFO: board_modifier.py:469: Track added
INFO: board_modifier.py:464: Adding track segment (B.Cu): [(43942000, 40783500), (40720000, 44005500)]
INFO: board_modifier.py:469: Track added
INFO: key_placer.py:486: Routing S10 with D10
INFO: key_placer.py:488: Using internal autorouter method
DEBUG: board_modifier.py:541: Routing at B.Cu layer
DEBUG: board_modifier.py:558: Netclass: Default, track width: 200000
DEBUG: board_modifier.py:620: Routing pad 'S10:2' at (282067000, 37782500) with pad 'D10:2' at (278845000, 42862500) using coordinate system rotated by 0 degree(s)
INFO: board_modifier.py:464: Adding track segment (B.Cu): [(282067000, 37782500), (282067000, 39640500)]
INFO: board_modifier.py:469: Track added
INFO: board_modifier.py:464: Adding track segment (B.Cu): [(282067000, 39640500), (278845000, 42862500)]
INFO: board_modifier.py:469: Track added
INFO: key_placer.py:486: Routing S9 with D9
INFO: key_placer.py:488: Using internal autorouter method
DEBUG: board_modifier.py:541: Routing at B.Cu layer
DEBUG: board_modifier.py:558: Netclass: Default, track width: 200000
DEBUG: board_modifier.py:620: Routing pad 'S9:2' at (62992000, 37782500) with pad 'D9:2' at (59770000, 42862500) using coordinate system rotated by 0 degree(s)
INFO: board_modifier.py:464: Adding track segment (B.Cu): [(62992000, 37782500), (62992000, 39640500)]
INFO: board_modifier.py:469: Track added
INFO: board_modifier.py:464: Adding track segment (B.Cu): [(62992000, 39640500), (59770000, 42862500)]
INFO: board_modifier.py:469: Track added
INFO: key_placer.py:486: Routing S8 with D8
INFO: key_placer.py:488: Using internal autorouter method
DEBUG: board_modifier.py:541: Routing at B.Cu layer
DEBUG: board_modifier.py:558: Netclass: Default, track width: 200000
DEBUG: board_modifier.py:620: Routing pad 'S8:2' at (205867000, 36830000) with pad 'D8:2' at (202645000, 41910000) using coordinate system rotated by 0 degree(s)
INFO: board_modifier.py:464: Adding track segment (B.Cu): [(205867000, 36830000), (205867000, 38688000)]
INFO: board_modifier.py:469: Track added
INFO: board_modifier.py:464: Adding track segment (B.Cu): [(205867000, 38688000), (202645000, 41910000)]
INFO: board_modifier.py:469: Track added
INFO: key_placer.py:486: Routing S6 with D6
INFO: key_placer.py:488: Using internal autorouter method
DEBUG: board_modifier.py:541: Routing at B.Cu layer
DEBUG: board_modifier.py:558: Netclass: Default, track width: 200000
DEBUG: board_modifier.py:620: Routing pad 'S6:2' at (263017000, 34163000) with pad 'D6:2' at (259795000, 39243000) using coordinate system rotated by 0 degree(s)
INFO: board_modifier.py:464: Adding track segment (B.Cu): [(263017000, 34163000), (263017000, 36021000)]
INFO: board_modifier.py:469: Track added
INFO: board_modifier.py:464: Adding track segment (B.Cu): [(263017000, 36021000), (259795000, 39243000)]
INFO: board_modifier.py:469: Track added
INFO: key_placer.py:486: Routing S5 with D5
INFO: key_placer.py:488: Using internal autorouter method
DEBUG: board_modifier.py:541: Routing at B.Cu layer
DEBUG: board_modifier.py:558: Netclass: Default, track width: 200000
DEBUG: board_modifier.py:620: Routing pad 'S5:2' at (224917000, 34163000) with pad 'D5:2' at (221695000, 39243000) using coordinate system rotated by 0 degree(s)
INFO: board_modifier.py:464: Adding track segment (B.Cu): [(224917000, 34163000), (224917000, 36021000)]
INFO: board_modifier.py:469: Track added
INFO: board_modifier.py:464: Adding track segment (B.Cu): [(224917000, 36021000), (221695000, 39243000)]
INFO: board_modifier.py:469: Track added
INFO: key_placer.py:486: Routing S4 with D4
INFO: key_placer.py:488: Using internal autorouter method
DEBUG: board_modifier.py:541: Routing at B.Cu layer
DEBUG: board_modifier.py:558: Netclass: Default, track width: 200000
DEBUG: board_modifier.py:620: Routing pad 'S4:2' at (120142000, 34163000) with pad 'D4:2' at (116920000, 39243000) using coordinate system rotated by 0 degree(s)
INFO: board_modifier.py:464: Adding track segment (B.Cu): [(120142000, 34163000), (120142000, 36021000)]
INFO: board_modifier.py:469: Track added
INFO: board_modifier.py:464: Adding track segment (B.Cu): [(120142000, 36021000), (116920000, 39243000)]
INFO: board_modifier.py:469: Track added
INFO: key_placer.py:486: Routing S3 with D3
INFO: key_placer.py:488: Using internal autorouter method
DEBUG: board_modifier.py:541: Routing at B.Cu layer
DEBUG: board_modifier.py:558: Netclass: Default, track width: 200000
DEBUG: board_modifier.py:620: Routing pad 'S3:2' at (82042000, 34163000) with pad 'D3:2' at (78820000, 39243000) using coordinate system rotated by 0 degree(s)
INFO: board_modifier.py:464: Adding track segment (B.Cu): [(82042000, 34163000), (82042000, 36021000)]
INFO: board_modifier.py:469: Track added
INFO: board_modifier.py:464: Adding track segment (B.Cu): [(82042000, 36021000), (78820000, 39243000)]
INFO: board_modifier.py:469: Track added
INFO: key_placer.py:486: Routing S2 with D2
INFO: key_placer.py:488: Using internal autorouter method
DEBUG: board_modifier.py:541: Routing at B.Cu layer
DEBUG: board_modifier.py:558: Netclass: Default, track width: 200000
DEBUG: board_modifier.py:620: Routing pad 'S2:2' at (243967000, 33020000) with pad 'D2:2' at (240745000, 38100000) using coordinate system rotated by 0 degree(s)
INFO: board_modifier.py:464: Adding track segment (B.Cu): [(243967000, 33020000), (243967000, 34878000)]
INFO: board_modifier.py:469: Track added
INFO: board_modifier.py:464: Adding track segment (B.Cu): [(243967000, 34878000), (240745000, 38100000)]
INFO: board_modifier.py:469: Track added
INFO: key_placer.py:486: Routing S1 with D1
INFO: key_placer.py:488: Using internal autorouter method
DEBUG: board_modifier.py:541: Routing at B.Cu layer
DEBUG: board_modifier.py:558: Netclass: Default, track width: 200000
DEBUG: board_modifier.py:620: Routing pad 'S1:2' at (101092000, 33020000) with pad 'D1:2' at (97870000, 38100000) using coordinate system rotated by 0 degree(s)
INFO: board_modifier.py:464: Adding track segment (B.Cu): [(101092000, 33020000), (101092000, 34878000)]
INFO: board_modifier.py:469: Track added
INFO: board_modifier.py:464: Adding track segment (B.Cu): [(101092000, 34878000), (97870000, 38100000)]
INFO: board_modifier.py:469: Track added
INFO: key_placer.py:520: Removing dangling tracks
